<?xml version="1.0" encoding="UTF-8"?>
<robot generated="20180813 14:09:30.161" generator="Robot 3.0.4 (Python 2.7.15rc1 on linux2)">
<suite source="/home/orhan/ApplicationManagerGrpcTest/simple-grpc-client/src/test/resources/OpenECOMP_ETE" id="s1" name="OpenECOMP ETE">
<suite source="/home/orhan/ApplicationManagerGrpcTest/simple-grpc-client/src/test/resources/OpenECOMP_ETE/robot" id="s1-s1" name="Robot">
<suite source="/home/orhan/ApplicationManagerGrpcTest/simple-grpc-client/src/test/resources/OpenECOMP_ETE/robot/testsuites" id="s1-s1-s1" name="Testsuites">
<suite source="/home/orhan/ApplicationManagerGrpcTest/simple-grpc-client/src/test/resources/OpenECOMP_ETE/robot/testsuites/health-check.robot" id="s1-s1-s1-s1" name="Health-Check">
<test id="s1-s1-s1-s1-t1" name="Basic A&amp;AI Health Check">
<kw name="Run A&amp;AI Health Check" library="aai_interface">
<doc>Runs an A&amp;AI health check</doc>
<msg timestamp="20180813 14:09:30.476" level="TRACE">Arguments: [  ]</msg>
<kw name="Run A&amp;AI Get Request" library="aai_interface">
<doc>Runs an A&amp;AI get request</doc>
<arguments>
<arg>${AAI_HEALTH_PATH}</arg>
</arguments>
<assign>
<var>${resp}</var>
</assign>
<msg timestamp="20180813 14:09:30.476" level="TRACE">Arguments: [ ${data_path}='/aai/util/echo?action=long' ]</msg>
<kw name="Disable Warnings">
<msg timestamp="20180813 14:09:30.481" level="FAIL">No keyword with name 'Disable Warnings' found.</msg>
<status status="FAIL" endtime="20180813 14:09:30.482" starttime="20180813 14:09:30.481"></status>
</kw>
<status status="FAIL" endtime="20180813 14:09:30.482" starttime="20180813 14:09:30.476"></status>
</kw>
<status status="FAIL" endtime="20180813 14:09:30.482" starttime="20180813 14:09:30.475"></status>
</kw>
<tags>
<tag>core</tag>
<tag>health</tag>
</tags>
<timeout value="2 seconds"></timeout>
<status status="FAIL" endtime="20180813 14:09:30.482" critical="yes" starttime="20180813 14:09:30.475">No keyword with name 'Disable Warnings' found.</status>
</test>
<test id="s1-s1-s1-s1-t2" name="Basic AAF Health Check">
<kw name="Run AAF Health Check" library="aaf_interface">
<doc>Runs AAF Health check</doc>
<msg timestamp="20180813 14:09:30.487" level="TRACE">Arguments: [  ]</msg>
<kw name="Run AAF Get Request" library="aaf_interface">
<doc>Runs AAF Get request</doc>
<arguments>
<arg>${AAF_HEALTH_CHECK_PATH}</arg>
</arguments>
<assign>
<var>${resp}</var>
</assign>
<msg timestamp="20180813 14:09:30.490" level="TRACE">Arguments: [ ${data_path}='/authz/perms/user/demo@people.osaaf.org' ]</msg>
<kw name="Create List" library="BuiltIn">
<doc>Returns a list containing given items.</doc>
<arguments>
<arg>${GLOBAL_AAF_USERNAME}</arg>
<arg>${GLOBAL_AAF_PASSWORD}</arg>
</arguments>
<assign>
<var>${auth}</var>
</assign>
<msg timestamp="20180813 14:09:30.491" level="TRACE">Arguments: [ b'demo@people.osaaf.org' | b'demo123456!' ]</msg>
<msg timestamp="20180813 14:09:30.491" level="DEBUG">Test timeout 2 seconds active. 1.994 seconds left.</msg>
<msg timestamp="20180813 14:09:30.492" level="TRACE">Return: [b'demo@people.osaaf.org', b'demo123456!']</msg>
<msg timestamp="20180813 14:09:30.492" level="INFO">${auth} = ['demo@people.osaaf.org', 'demo123456!']</msg>
<status status="PASS" endtime="20180813 14:09:30.492" starttime="20180813 14:09:30.491"></status>
</kw>
<kw name="Create Session">
<arguments>
<arg>aaf</arg>
<arg>${GLOBAL_AAF_SERVER}</arg>
<arg>auth=${auth}</arg>
</arguments>
<assign>
<var>${session}=</var>
</assign>
<msg timestamp="20180813 14:09:30.503" level="FAIL">No keyword with name 'Create Session' found.</msg>
<status status="FAIL" endtime="20180813 14:09:30.504" starttime="20180813 14:09:30.503"></status>
</kw>
<status status="FAIL" endtime="20180813 14:09:30.504" starttime="20180813 14:09:30.488"></status>
</kw>
<status status="FAIL" endtime="20180813 14:09:30.504" starttime="20180813 14:09:30.487"></status>
</kw>
<tags>
<tag>core</tag>
<tag>health</tag>
</tags>
<timeout value="2 seconds"></timeout>
<status status="FAIL" endtime="20180813 14:09:30.506" critical="yes" starttime="20180813 14:09:30.485">No keyword with name 'Create Session' found.</status>
</test>
<test id="s1-s1-s1-s1-t3" name="Basic AAF SMS Health Check">
<kw name="Run SMS Health Check" library="sms_interface">
<doc>Runs SMS Health check</doc>
<msg timestamp="20180813 14:09:30.508" level="TRACE">Arguments: [  ]</msg>
<kw name="Run SMS Get Request" library="sms_interface">
<doc>Runs SMS Get request</doc>
<arguments>
<arg>${SMS_HEALTH_CHECK_PATH}</arg>
</arguments>
<assign>
<var>${resp}</var>
</assign>
<msg timestamp="20180813 14:09:30.509" level="TRACE">Arguments: [ ${data_path}='/v1/sms/healthcheck' ]</msg>
<kw name="Create Session">
<arguments>
<arg>smssession</arg>
<arg>${SMS_ENDPOINT}</arg>
</arguments>
<assign>
<var>${session}=</var>
</assign>
<msg timestamp="20180813 14:09:30.520" level="FAIL">No keyword with name 'Create Session' found.</msg>
<status status="FAIL" endtime="20180813 14:09:30.520" starttime="20180813 14:09:30.519"></status>
</kw>
<status status="FAIL" endtime="20180813 14:09:30.520" starttime="20180813 14:09:30.508"></status>
</kw>
<status status="FAIL" endtime="20180813 14:09:30.522" starttime="20180813 14:09:30.508"></status>
</kw>
<tags>
<tag>core</tag>
<tag>health</tag>
</tags>
<timeout value="2 seconds"></timeout>
<status status="FAIL" endtime="20180813 14:09:30.522" critical="yes" starttime="20180813 14:09:30.506">No keyword with name 'Create Session' found.</status>
</test>
<test id="s1-s1-s1-s1-t4" name="Basic APPC Health Check">
<kw name="Run APPC Health Check" library="appc_interface">
<doc>Runs an APPC healthcheck</doc>
<msg timestamp="20180813 14:09:30.525" level="TRACE">Arguments: [  ]</msg>
<kw name="Run APPC Post Request" library="appc_interface">
<doc>Runs an APPC post request</doc>
<arguments>
<arg>${APPC_INDEX PATH}${APPC_HEALTHCHECK_OPERATION_PATH}</arg>
<arg>${None}</arg>
</arguments>
<assign>
<var>${resp}</var>
</assign>
<msg timestamp="20180813 14:09:30.527" level="TRACE">Arguments: [ ${data_path}='/restconf/operations/SLI-API:healthcheck' | ${data}=None | ${content}='json' ]</msg>
<kw name="Create List" library="BuiltIn">
<doc>Returns a list containing given items.</doc>
<arguments>
<arg>${GLOBAL_APPC_USERNAME}</arg>
<arg>${GLOBAL_APPC_PASSWORD}</arg>
</arguments>
<assign>
<var>${auth}</var>
</assign>
<msg timestamp="20180813 14:09:30.528" level="TRACE">Arguments: [ b'admin' | b'admin' ]</msg>
<msg timestamp="20180813 14:09:30.528" level="DEBUG">Test timeout 2 seconds active. 1.996 seconds left.</msg>
<msg timestamp="20180813 14:09:30.528" level="TRACE">Return: [b'admin', b'admin']</msg>
<msg timestamp="20180813 14:09:30.530" level="INFO">${auth} = ['admin', 'admin']</msg>
<status status="PASS" endtime="20180813 14:09:30.530" starttime="20180813 14:09:30.527"></status>
</kw>
<kw name="Log" library="BuiltIn">
<doc>Logs the given message with the given level.</doc>
<arguments>
<arg>Creating session ${APPC_ENDPOINT}</arg>
</arguments>
<msg timestamp="20180813 14:09:30.531" level="TRACE">Arguments: [ 'Creating session http://192.168.61.15:8282' ]</msg>
<msg timestamp="20180813 14:09:30.531" level="DEBUG">Test timeout 2 seconds active. 1.993 seconds left.</msg>
<msg timestamp="20180813 14:09:30.531" level="INFO">Creating session http://192.168.61.15:8282</msg>
<msg timestamp="20180813 14:09:30.531" level="TRACE">Return: None</msg>
<status status="PASS" endtime="20180813 14:09:30.531" starttime="20180813 14:09:30.530"></status>
</kw>
<kw name="Create Session">
<arguments>
<arg>appc</arg>
<arg>${APPC_ENDPOINT}</arg>
<arg>auth=${auth}</arg>
</arguments>
<assign>
<var>${session}=</var>
</assign>
<msg timestamp="20180813 14:09:30.544" level="FAIL">No keyword with name 'Create Session' found.</msg>
<status status="FAIL" endtime="20180813 14:09:30.544" starttime="20180813 14:09:30.544"></status>
</kw>
<status status="FAIL" endtime="20180813 14:09:30.546" starttime="20180813 14:09:30.526"></status>
</kw>
<status status="FAIL" endtime="20180813 14:09:30.546" starttime="20180813 14:09:30.525"></status>
</kw>
<tags>
<tag>core</tag>
<tag>health</tag>
</tags>
<timeout value="2 seconds"></timeout>
<status status="FAIL" endtime="20180813 14:09:30.547" critical="yes" starttime="20180813 14:09:30.523">No keyword with name 'Create Session' found.</status>
</test>
<test id="s1-s1-s1-s1-t5" name="Basic CLI Health Check">
<kw name="Run CLI Health Check" library="cli_interface">
<doc>Runs CLI Health check</doc>
<msg timestamp="20180813 14:09:30.549" level="TRACE">Arguments: [  ]</msg>
<kw name="Run CLI Get Request" library="cli_interface">
<doc>Runs CLI Get request</doc>
<arguments>
<arg>${CLI_HEALTH_CHECK_PATH}</arg>
</arguments>
<assign>
<var>${resp}</var>
</assign>
<msg timestamp="20180813 14:09:30.550" level="TRACE">Arguments: [ ${data_path}='/' ]</msg>
<kw name="Create Session">
<arguments>
<arg>cli</arg>
<arg>${CLI_ENDPOINT}</arg>
</arguments>
<assign>
<var>${session}=</var>
</assign>
<msg timestamp="20180813 14:09:30.562" level="FAIL">No keyword with name 'Create Session' found.</msg>
<status status="FAIL" endtime="20180813 14:09:30.562" starttime="20180813 14:09:30.562"></status>
</kw>
<status status="FAIL" endtime="20180813 14:09:30.563" starttime="20180813 14:09:30.550"></status>
</kw>
<status status="FAIL" endtime="20180813 14:09:30.563" starttime="20180813 14:09:30.549"></status>
</kw>
<tags>
<tag>core</tag>
<tag>health</tag>
</tags>
<timeout value="2 seconds"></timeout>
<status status="FAIL" endtime="20180813 14:09:30.563" critical="yes" starttime="20180813 14:09:30.548">No keyword with name 'Create Session' found.</status>
</test>
<test id="s1-s1-s1-s1-t6" name="Basic CLAMP Health Check">
<kw name="Run CLAMP Health Check" library="clamp_interface">
<doc>Runs CLAMP Health check</doc>
<msg timestamp="20180813 14:09:30.566" level="TRACE">Arguments: [  ]</msg>
<kw name="Run CLAMP Get Request" library="clamp_interface">
<doc>Runs CLAMP Get request</doc>
<arguments>
<arg>${CLAMP_HEALTH_CHECK_PATH}</arg>
</arguments>
<assign>
<var>${resp}</var>
</assign>
<msg timestamp="20180813 14:09:30.567" level="TRACE">Arguments: [ ${data_path}='/restservices/clds/v1/clds/healthcheck' ]</msg>
<kw name="Create Session">
<arguments>
<arg>session</arg>
<arg>${CLAMP_ENDPOINT}</arg>
</arguments>
<assign>
<var>${session}=</var>
</assign>
<msg timestamp="20180813 14:09:30.577" level="FAIL">No keyword with name 'Create Session' found.</msg>
<status status="FAIL" endtime="20180813 14:09:30.577" starttime="20180813 14:09:30.577"></status>
</kw>
<status status="FAIL" endtime="20180813 14:09:30.578" starttime="20180813 14:09:30.566"></status>
</kw>
<status status="FAIL" endtime="20180813 14:09:30.578" starttime="20180813 14:09:30.565"></status>
</kw>
<tags>
<tag>core</tag>
<tag>health</tag>
</tags>
<timeout value="2 seconds"></timeout>
<status status="FAIL" endtime="20180813 14:09:30.578" critical="yes" starttime="20180813 14:09:30.564">No keyword with name 'Create Session' found.</status>
</test>
<test id="s1-s1-s1-s1-t7" name="Basic DCAE Health Check">
<kw name="Run DCAE Health Check" library="dcae_interface">
<doc>Runs a DCAE health check</doc>
<msg timestamp="20180813 14:09:30.582" level="TRACE">Arguments: [  ]</msg>
<kw name="Create List" library="BuiltIn">
<doc>Returns a list containing given items.</doc>
<arguments>
<arg>${GLOBAL_DCAE_USERNAME}</arg>
<arg>${GLOBAL_DCAE_PASSWORD}</arg>
</arguments>
<assign>
<var>${auth}</var>
</assign>
<msg timestamp="20180813 14:09:30.583" level="TRACE">Arguments: [ b'console' | b'ZjJkYjllMjljMTI2M2Iz' ]</msg>
<msg timestamp="20180813 14:09:30.583" level="DEBUG">Test timeout 2 seconds active. 1.996 seconds left.</msg>
<msg timestamp="20180813 14:09:30.584" level="TRACE">Return: [b'console', b'ZjJkYjllMjljMTI2M2Iz']</msg>
<msg timestamp="20180813 14:09:30.584" level="INFO">${auth} = ['console', 'ZjJkYjllMjljMTI2M2Iz']</msg>
<status status="PASS" endtime="20180813 14:09:30.584" starttime="20180813 14:09:30.583"></status>
</kw>
<kw name="Log" library="BuiltIn">
<doc>Logs the given message with the given level.</doc>
<arguments>
<arg>Creating session ${DCAE_HEALTH_ENDPOINT}</arg>
</arguments>
<msg timestamp="20180813 14:09:30.585" level="TRACE">Arguments: [ 'Creating session http://192.168.61.31:8000' ]</msg>
<msg timestamp="20180813 14:09:30.585" level="DEBUG">Test timeout 2 seconds active. 1.994 seconds left.</msg>
<msg timestamp="20180813 14:09:30.585" level="INFO">Creating session http://192.168.61.31:8000</msg>
<msg timestamp="20180813 14:09:30.586" level="TRACE">Return: None</msg>
<status status="PASS" endtime="20180813 14:09:30.586" starttime="20180813 14:09:30.585"></status>
</kw>
<kw name="Create Session">
<arguments>
<arg>dcae</arg>
<arg>${DCAE_HEALTH_ENDPOINT}</arg>
<arg>auth=${auth}</arg>
</arguments>
<assign>
<var>${session}=</var>
</assign>
<msg timestamp="20180813 14:09:30.596" level="FAIL">No keyword with name 'Create Session' found.</msg>
<status status="FAIL" endtime="20180813 14:09:30.596" starttime="20180813 14:09:30.596"></status>
</kw>
<status status="FAIL" endtime="20180813 14:09:30.598" starttime="20180813 14:09:30.580"></status>
</kw>
<tags>
<tag>dcae</tag>
<tag>health</tag>
</tags>
<timeout value="2 seconds"></timeout>
<status status="FAIL" endtime="20180813 14:09:30.598" critical="yes" starttime="20180813 14:09:30.579">No keyword with name 'Create Session' found.</status>
</test>
<test id="s1-s1-s1-s1-t8" name="Basic DMAAP Message Router Health Check">
<kw name="Run MR Health Check" library="mr_interface">
<doc>Runs MR Health check</doc>
<msg timestamp="20180813 14:09:30.601" level="TRACE">Arguments: [  ]</msg>
<kw name="Run MR Get Request" library="mr_interface">
<doc>Runs MR Get request</doc>
<arguments>
<arg>${MR_HEALTH_CHECK_PATH}</arg>
</arguments>
<assign>
<var>${resp}</var>
</assign>
<msg timestamp="20180813 14:09:30.602" level="TRACE">Arguments: [ ${data_path}='/topics' ]</msg>
<kw name="Create Session">
<arguments>
<arg>mr</arg>
<arg>${MR_ENDPOINT}</arg>
</arguments>
<assign>
<var>${session}=</var>
</assign>
<msg timestamp="20180813 14:09:30.615" level="FAIL">No keyword with name 'Create Session' found.</msg>
<status status="FAIL" endtime="20180813 14:09:30.615" starttime="20180813 14:09:30.614"></status>
</kw>
<status status="FAIL" endtime="20180813 14:09:30.615" starttime="20180813 14:09:30.601"></status>
</kw>
<status status="FAIL" endtime="20180813 14:09:30.615" starttime="20180813 14:09:30.600"></status>
</kw>
<tags>
<tag>core</tag>
<tag>health</tag>
</tags>
<timeout value="2 seconds"></timeout>
<status status="FAIL" endtime="20180813 14:09:30.616" critical="yes" starttime="20180813 14:09:30.599">No keyword with name 'Create Session' found.</status>
</test>
<test id="s1-s1-s1-s1-t9" name="Basic External API NBI Health Check">
<kw name="Run NBI Health Check" library="nbi_interface">
<doc>Runs NBI Health check</doc>
<msg timestamp="20180813 14:09:30.618" level="TRACE">Arguments: [  ]</msg>
<kw name="Run NBI Get Request" library="nbi_interface">
<doc>Runs NBI Get request</doc>
<arguments>
<arg>${NBI_HEALTH_CHECK_PATH}</arg>
</arguments>
<assign>
<var>${resp}</var>
</assign>
<msg timestamp="20180813 14:09:30.619" level="TRACE">Arguments: [ ${data_path}='/nbi/api/v1/status' ]</msg>
<kw name="Create Session">
<arguments>
<arg>session</arg>
<arg>${NBI_ENDPOINT}</arg>
</arguments>
<assign>
<var>${session}=</var>
</assign>
<msg timestamp="20180813 14:09:30.630" level="FAIL">No keyword with name 'Create Session' found.</msg>
<status status="FAIL" endtime="20180813 14:09:30.630" starttime="20180813 14:09:30.630"></status>
</kw>
<status status="FAIL" endtime="20180813 14:09:30.630" starttime="20180813 14:09:30.619"></status>
</kw>
<status status="FAIL" endtime="20180813 14:09:30.632" starttime="20180813 14:09:30.618"></status>
</kw>
<tags>
<tag>api</tag>
<tag>externalapi</tag>
<tag>health</tag>
</tags>
<timeout value="2 seconds"></timeout>
<status status="FAIL" endtime="20180813 14:09:30.632" critical="yes" starttime="20180813 14:09:30.616">No keyword with name 'Create Session' found.</status>
</test>
<test id="s1-s1-s1-s1-t10" name="Basic Microservice Bus Health Check">
<kw name="Run MSB Health Check" library="msb_interface">
<doc>Runs MSB Health check</doc>
<msg timestamp="20180813 14:09:30.634" level="TRACE">Arguments: [  ]</msg>
<kw name="Run MSB Get Request" library="msb_interface">
<doc>Runs MSB Get request</doc>
<arguments>
<arg>${MSB_HEALTH_CHECK_PATH}</arg>
</arguments>
<assign>
<var>${resp}</var>
</assign>
<msg timestamp="20180813 14:09:30.636" level="TRACE">Arguments: [ ${data_path}='/iui/microservices/default.html' ]</msg>
<kw name="Create Session">
<arguments>
<arg>msb</arg>
<arg>${MSB_ENDPOINT}</arg>
</arguments>
<assign>
<var>${session}=</var>
</assign>
<msg timestamp="20180813 14:09:30.648" level="FAIL">No keyword with name 'Create Session' found.</msg>
<status status="FAIL" endtime="20180813 14:09:30.648" starttime="20180813 14:09:30.648"></status>
</kw>
<status status="FAIL" endtime="20180813 14:09:30.649" starttime="20180813 14:09:30.635"></status>
</kw>
<status status="FAIL" endtime="20180813 14:09:30.649" starttime="20180813 14:09:30.634"></status>
</kw>
<tags>
<tag>core</tag>
<tag>health</tag>
</tags>
<timeout value="2 seconds"></timeout>
<status status="FAIL" endtime="20180813 14:09:30.649" critical="yes" starttime="20180813 14:09:30.633">No keyword with name 'Create Session' found.</status>
</test>
<test id="s1-s1-s1-s1-t11" name="Basic Multicloud API Health Check">
<kw name="Run MSB Get Request" library="msb_interface">
<doc>Runs MSB Get request</doc>
<arguments>
<arg>/api/multicloud/v0/swagger.json</arg>
</arguments>
<msg timestamp="20180813 14:09:30.653" level="TRACE">Arguments: [ ${data_path}='/api/multicloud/v0/swagger.json' ]</msg>
<kw name="Create Session">
<arguments>
<arg>msb</arg>
<arg>${MSB_ENDPOINT}</arg>
</arguments>
<assign>
<var>${session}=</var>
</assign>
<msg timestamp="20180813 14:09:30.664" level="FAIL">No keyword with name 'Create Session' found.</msg>
<status status="FAIL" endtime="20180813 14:09:30.664" starttime="20180813 14:09:30.664"></status>
</kw>
<status status="FAIL" endtime="20180813 14:09:30.664" starttime="20180813 14:09:30.652"></status>
</kw>
<tags>
<tag>health</tag>
<tag>multicloud</tag>
</tags>
<timeout value="2 seconds"></timeout>
<status status="FAIL" endtime="20180813 14:09:30.665" critical="yes" starttime="20180813 14:09:30.650">No keyword with name 'Create Session' found.</status>
</test>
<test id="s1-s1-s1-s1-t12" name="Basic Multicloud-ocata API Health Check">
<kw name="Run MSB Get Request" library="msb_interface">
<doc>Runs MSB Get request</doc>
<arguments>
<arg>/api/multicloud-ocata/v0/swagger.json</arg>
</arguments>
<msg timestamp="20180813 14:09:30.667" level="TRACE">Arguments: [ ${data_path}='/api/multicloud-ocata/v0/swagger.json' ]</msg>
<kw name="Create Session">
<arguments>
<arg>msb</arg>
<arg>${MSB_ENDPOINT}</arg>
</arguments>
<assign>
<var>${session}=</var>
</assign>
<msg timestamp="20180813 14:09:30.676" level="FAIL">No keyword with name 'Create Session' found.</msg>
<status status="FAIL" endtime="20180813 14:09:30.676" starttime="20180813 14:09:30.676"></status>
</kw>
<status status="FAIL" endtime="20180813 14:09:30.677" starttime="20180813 14:09:30.667"></status>
</kw>
<tags>
<tag>health</tag>
<tag>multicloud</tag>
</tags>
<timeout value="2 seconds"></timeout>
<status status="FAIL" endtime="20180813 14:09:30.677" critical="yes" starttime="20180813 14:09:30.665">No keyword with name 'Create Session' found.</status>
</test>
<test id="s1-s1-s1-s1-t13" name="Basic Multicloud-titanium_cloud API Health Check">
<kw name="Run MSB Get Request" library="msb_interface">
<doc>Runs MSB Get request</doc>
<arguments>
<arg>/api/multicloud-titanium_cloud/v0/swagger.json</arg>
</arguments>
<msg timestamp="20180813 14:09:30.686" level="TRACE">Arguments: [ ${data_path}='/api/multicloud-titanium_cloud/v0/swagger.json' ]</msg>
<kw name="Create Session">
<arguments>
<arg>msb</arg>
<arg>${MSB_ENDPOINT}</arg>
</arguments>
<assign>
<var>${session}=</var>
</assign>
<msg timestamp="20180813 14:09:30.698" level="FAIL">No keyword with name 'Create Session' found.</msg>
<status status="FAIL" endtime="20180813 14:09:30.699" starttime="20180813 14:09:30.698"></status>
</kw>
<status status="FAIL" endtime="20180813 14:09:30.699" starttime="20180813 14:09:30.686"></status>
</kw>
<tags>
<tag>health</tag>
<tag>multicloud</tag>
</tags>
<timeout value="2 seconds"></timeout>
<status status="FAIL" endtime="20180813 14:09:30.699" critical="yes" starttime="20180813 14:09:30.684">No keyword with name 'Create Session' found.</status>
</test>
<test id="s1-s1-s1-s1-t14" name="Basic Multicloud-vio API Health Check">
<kw name="Run MSB Get Request" library="msb_interface">
<doc>Runs MSB Get request</doc>
<arguments>
<arg>/api/multicloud-vio/v0/swagger.json</arg>
</arguments>
<msg timestamp="20180813 14:09:30.701" level="TRACE">Arguments: [ ${data_path}='/api/multicloud-vio/v0/swagger.json' ]</msg>
<kw name="Create Session">
<arguments>
<arg>msb</arg>
<arg>${MSB_ENDPOINT}</arg>
</arguments>
<assign>
<var>${session}=</var>
</assign>
<msg timestamp="20180813 14:09:30.716" level="FAIL">No keyword with name 'Create Session' found.</msg>
<status status="FAIL" endtime="20180813 14:09:30.716" starttime="20180813 14:09:30.716"></status>
</kw>
<status status="FAIL" endtime="20180813 14:09:30.717" starttime="20180813 14:09:30.701"></status>
</kw>
<tags>
<tag>health</tag>
<tag>multicloud</tag>
</tags>
<timeout value="2 seconds"></timeout>
<status status="FAIL" endtime="20180813 14:09:30.717" critical="yes" starttime="20180813 14:09:30.700">No keyword with name 'Create Session' found.</status>
</test>
<test id="s1-s1-s1-s1-t15" name="Basic OOF-Homing Health Check">
<kw name="Run OOF-Homing Health Check" library="oof_interface">
<doc>Runs OOF-Homing Health check</doc>
<msg timestamp="20180813 14:09:30.719" level="TRACE">Arguments: [  ]</msg>
<kw name="Run OOF-Homing Get Request" library="oof_interface">
<doc>Runs OOF-Homing Get request</doc>
<arguments>
<arg>${OOF_HOMING_HEALTH_CHECK_PATH}</arg>
</arguments>
<assign>
<var>${resp}</var>
</assign>
<msg timestamp="20180813 14:09:30.720" level="TRACE">Arguments: [ ${data_path}='/v1/plans/healthcheck' ]</msg>
<kw name="Create Session">
<arguments>
<arg>session</arg>
<arg>${OOF_HOMING_ENDPOINT}</arg>
</arguments>
<assign>
<var>${session}=</var>
</assign>
<msg timestamp="20180813 14:09:30.731" level="FAIL">No keyword with name 'Create Session' found.</msg>
<status status="FAIL" endtime="20180813 14:09:30.732" starttime="20180813 14:09:30.731"></status>
</kw>
<status status="FAIL" endtime="20180813 14:09:30.732" starttime="20180813 14:09:30.720"></status>
</kw>
<status status="FAIL" endtime="20180813 14:09:30.732" starttime="20180813 14:09:30.719"></status>
</kw>
<tags>
<tag>core</tag>
<tag>health</tag>
</tags>
<timeout value="2 seconds"></timeout>
<status status="FAIL" endtime="20180813 14:09:30.733" critical="yes" starttime="20180813 14:09:30.718">No keyword with name 'Create Session' found.</status>
</test>
<test id="s1-s1-s1-s1-t16" name="Basic OOF-SNIRO Health Check">
<kw name="Run OOF-SNIRO Health Check" library="oof_interface">
<doc>Runs OOF-SNIRO Health check</doc>
<msg timestamp="20180813 14:09:30.735" level="TRACE">Arguments: [  ]</msg>
<kw name="Run OOF-SNIRO Get Request" library="oof_interface">
<doc>Runs OOF-SNIRO Get request</doc>
<arguments>
<arg>${OOF_SNIRO_HEALTH_CHECK_PATH}</arg>
</arguments>
<assign>
<var>${resp}</var>
</assign>
<msg timestamp="20180813 14:09:30.736" level="TRACE">Arguments: [ ${data_path}='/api/oof/v1/healthcheck' ]</msg>
<kw name="Create Session">
<arguments>
<arg>session</arg>
<arg>${OOF_SNIRO_ENDPOINT}</arg>
</arguments>
<assign>
<var>${session}=</var>
</assign>
<msg timestamp="20180813 14:09:30.745" level="FAIL">No keyword with name 'Create Session' found.</msg>
<status status="FAIL" endtime="20180813 14:09:30.745" starttime="20180813 14:09:30.745"></status>
</kw>
<status status="FAIL" endtime="20180813 14:09:30.746" starttime="20180813 14:09:30.735"></status>
</kw>
<status status="FAIL" endtime="20180813 14:09:30.746" starttime="20180813 14:09:30.735"></status>
</kw>
<tags>
<tag>core</tag>
<tag>health</tag>
</tags>
<timeout value="2 seconds"></timeout>
<status status="FAIL" endtime="20180813 14:09:30.746" critical="yes" starttime="20180813 14:09:30.733">No keyword with name 'Create Session' found.</status>
</test>
<test id="s1-s1-s1-s1-t17" name="Basic Policy Health Check">
<kw name="Run Policy Health Check" library="policy_interface">
<doc>Runs Policy Health check</doc>
<msg timestamp="20180813 14:09:30.748" level="TRACE">Arguments: [  ]</msg>
<kw name="Create List" library="BuiltIn">
<doc>Returns a list containing given items.</doc>
<arguments>
<arg>${GLOBAL_POLICY_USERNAME}</arg>
<arg>${GLOBAL_POLICY_PASSWORD}</arg>
</arguments>
<assign>
<var>${auth}</var>
</assign>
<msg timestamp="20180813 14:09:30.749" level="TRACE">Arguments: [ b'healthcheck' | b'zb!XztG34' ]</msg>
<msg timestamp="20180813 14:09:30.750" level="DEBUG">Test timeout 2 seconds active. 1.997 seconds left.</msg>
<msg timestamp="20180813 14:09:30.750" level="TRACE">Return: [b'healthcheck', b'zb!XztG34']</msg>
<msg timestamp="20180813 14:09:30.750" level="INFO">${auth} = ['healthcheck', 'zb!XztG34']</msg>
<status status="PASS" endtime="20180813 14:09:30.750" starttime="20180813 14:09:30.749"></status>
</kw>
<kw name="Log" library="BuiltIn">
<doc>Logs the given message with the given level.</doc>
<arguments>
<arg>Creating session ${POLICY_ENDPOINT}</arg>
</arguments>
<msg timestamp="20180813 14:09:30.751" level="TRACE">Arguments: [ 'Creating session http://192.168.61.14:8081' ]</msg>
<msg timestamp="20180813 14:09:30.751" level="DEBUG">Test timeout 2 seconds active. 1.996 seconds left.</msg>
<msg timestamp="20180813 14:09:30.751" level="INFO">Creating session http://192.168.61.14:8081</msg>
<msg timestamp="20180813 14:09:30.751" level="TRACE">Return: None</msg>
<status status="PASS" endtime="20180813 14:09:30.751" starttime="20180813 14:09:30.750"></status>
</kw>
<kw name="Create Session">
<arguments>
<arg>policy</arg>
<arg>${POLICY_HEALTHCHECK_ENDPOINT}</arg>
<arg>auth=${auth}</arg>
</arguments>
<assign>
<var>${session}=</var>
</assign>
<msg timestamp="20180813 14:09:30.760" level="FAIL">No keyword with name 'Create Session' found.</msg>
<status status="FAIL" endtime="20180813 14:09:30.760" starttime="20180813 14:09:30.760"></status>
</kw>
<status status="FAIL" endtime="20180813 14:09:30.761" starttime="20180813 14:09:30.748"></status>
</kw>
<tags>
<tag>core</tag>
<tag>health</tag>
</tags>
<timeout value="2 seconds"></timeout>
<status status="FAIL" endtime="20180813 14:09:30.761" critical="yes" starttime="20180813 14:09:30.747">No keyword with name 'Create Session' found.</status>
</test>
<test id="s1-s1-s1-s1-t18" name="Basic Portal Health Check">
<kw name="Run Portal Health Check" library="portal_interface">
<doc>Runs Portal Health check</doc>
<msg timestamp="20180813 14:09:30.763" level="TRACE">Arguments: [  ]</msg>
<kw name="Run Portal Get Request" library="portal_interface">
<doc>Runs Portal Get request</doc>
<arguments>
<arg>${PORTAL_HEALTH_CHECK_PATH}</arg>
</arguments>
<assign>
<var>${resp}</var>
</assign>
<msg timestamp="20180813 14:09:30.763" level="TRACE">Arguments: [ ${data_path}='/ONAPPORTAL/portalApi/healthCheck' ]</msg>
<kw name="Create Session">
<arguments>
<arg>portal</arg>
<arg>${PORTAL_ENDPOINT}</arg>
</arguments>
<assign>
<var>${session}=</var>
</assign>
<msg timestamp="20180813 14:09:30.772" level="FAIL">No keyword with name 'Create Session' found.</msg>
<status status="FAIL" endtime="20180813 14:09:30.772" starttime="20180813 14:09:30.772"></status>
</kw>
<status status="FAIL" endtime="20180813 14:09:30.773" starttime="20180813 14:09:30.763"></status>
</kw>
<status status="FAIL" endtime="20180813 14:09:30.773" starttime="20180813 14:09:30.762"></status>
</kw>
<tags>
<tag>core</tag>
<tag>health</tag>
</tags>
<timeout value="2 seconds"></timeout>
<status status="FAIL" endtime="20180813 14:09:30.773" critical="yes" starttime="20180813 14:09:30.761">No keyword with name 'Create Session' found.</status>
</test>
<test id="s1-s1-s1-s1-t19" name="Basic SDC Health Check">
<kw name="Run ASDC Health Check" library="asdc_interface">
<doc>Runs a ASDC health check</doc>
<msg timestamp="20180813 14:09:30.775" level="TRACE">Arguments: [  ]</msg>
<kw name="Create Session">
<arguments>
<arg>asdc</arg>
<arg>${ASDC_FE_ENDPOINT}</arg>
</arguments>
<assign>
<var>${session}=</var>
</assign>
<msg timestamp="20180813 14:09:30.784" level="FAIL">No keyword with name 'Create Session' found.</msg>
<status status="FAIL" endtime="20180813 14:09:30.784" starttime="20180813 14:09:30.784"></status>
</kw>
<status status="FAIL" endtime="20180813 14:09:30.784" starttime="20180813 14:09:30.775"></status>
</kw>
<tags>
<tag>core</tag>
<tag>health</tag>
</tags>
<timeout value="2 seconds"></timeout>
<status status="FAIL" endtime="20180813 14:09:30.785" critical="yes" starttime="20180813 14:09:30.773">No keyword with name 'Create Session' found.</status>
</test>
<test id="s1-s1-s1-s1-t20" name="Basic SDNC Health Check">
<kw name="Run SDNGC Health Check" library="sdngc_interface">
<doc>Runs an SDNGC healthcheck</doc>
<msg timestamp="20180813 14:09:30.786" level="TRACE">Arguments: [  ]</msg>
<kw name="Run SDNGC Post Request" library="sdngc_interface">
<doc>Runs an SDNGC post request</doc>
<arguments>
<arg>${SDNGC_INDEX PATH}${SDNCGC_HEALTHCHECK_OPERATION_PATH}</arg>
<arg>${None}</arg>
</arguments>
<assign>
<var>${resp}</var>
</assign>
<msg timestamp="20180813 14:09:30.787" level="TRACE">Arguments: [ ${data_path}='/restconf/operations/SLI-API:healthcheck' | ${data}=None ]</msg>
<kw name="Create List" library="BuiltIn">
<doc>Returns a list containing given items.</doc>
<arguments>
<arg>${GLOBAL_SDNGC_USERNAME}</arg>
<arg>${GLOBAL_SDNGC_PASSWORD}</arg>
</arguments>
<assign>
<var>${auth}</var>
</assign>
<msg timestamp="20180813 14:09:30.788" level="TRACE">Arguments: [ b'admin' | b'Kp8bJ4SXszM0WXlhak3eHlcse2gAw84vaoGGmJvUy2U' ]</msg>
<msg timestamp="20180813 14:09:30.788" level="DEBUG">Test timeout 2 seconds active. 1.997 seconds left.</msg>
<msg timestamp="20180813 14:09:30.789" level="TRACE">Return: [b'admin', b'Kp8bJ4SXszM0WXlhak3eHlcse2gAw84vaoGGmJvUy2U']</msg>
<msg timestamp="20180813 14:09:30.789" level="INFO">${auth} = ['admin', 'Kp8bJ4SXszM0WXlhak3eHlcse2gAw84vaoGGmJvUy2U']</msg>
<status status="PASS" endtime="20180813 14:09:30.789" starttime="20180813 14:09:30.788"></status>
</kw>
<kw name="Log" library="BuiltIn">
<doc>Logs the given message with the given level.</doc>
<arguments>
<arg>Creating session ${SDNGC_REST_ENDPOINT}</arg>
</arguments>
<msg timestamp="20180813 14:09:30.789" level="TRACE">Arguments: [ 'Creating session http://192.168.61.24:8282' ]</msg>
<msg timestamp="20180813 14:09:30.790" level="DEBUG">Test timeout 2 seconds active. 1.996 seconds left.</msg>
<msg timestamp="20180813 14:09:30.790" level="INFO">Creating session http://192.168.61.24:8282</msg>
<msg timestamp="20180813 14:09:30.790" level="TRACE">Return: None</msg>
<status status="PASS" endtime="20180813 14:09:30.790" starttime="20180813 14:09:30.789"></status>
</kw>
<kw name="Create Session">
<arguments>
<arg>sdngc</arg>
<arg>${SDNGC_REST_ENDPOINT}</arg>
<arg>auth=${auth}</arg>
</arguments>
<assign>
<var>${session}=</var>
</assign>
<msg timestamp="20180813 14:09:30.798" level="FAIL">No keyword with name 'Create Session' found.</msg>
<status status="FAIL" endtime="20180813 14:09:30.798" starttime="20180813 14:09:30.798"></status>
</kw>
<status status="FAIL" endtime="20180813 14:09:30.798" starttime="20180813 14:09:30.787"></status>
</kw>
<status status="FAIL" endtime="20180813 14:09:30.799" starttime="20180813 14:09:30.786"></status>
</kw>
<tags>
<tag>core</tag>
<tag>health</tag>
</tags>
<timeout value="2 seconds"></timeout>
<status status="FAIL" endtime="20180813 14:09:30.799" critical="yes" starttime="20180813 14:09:30.785">No keyword with name 'Create Session' found.</status>
</test>
<test id="s1-s1-s1-s1-t21" name="Basic SO Health Check">
<kw name="Run MSO Health Check" library="mso_interface">
<doc>Runs an MSO global health check</doc>
<msg timestamp="20180813 14:09:30.801" level="TRACE">Arguments: [  ]</msg>
<kw name="Create List" library="BuiltIn">
<doc>Returns a list containing given items.</doc>
<arguments>
<arg>${GLOBAL_MSO_USERNAME}</arg>
<arg>${GLOBAL_MSO_PASSWORD}</arg>
</arguments>
<assign>
<var>${auth}</var>
</assign>
<msg timestamp="20180813 14:09:30.802" level="TRACE">Arguments: [ b'InfraPortalClient' | b'password1$' ]</msg>
<msg timestamp="20180813 14:09:30.802" level="DEBUG">Test timeout 2 seconds active. 1.998 seconds left.</msg>
<msg timestamp="20180813 14:09:30.802" level="TRACE">Return: [b'InfraPortalClient', b'password1$']</msg>
<msg timestamp="20180813 14:09:30.811" level="INFO">${auth} = ['InfraPortalClient', 'password1$']</msg>
<status status="PASS" endtime="20180813 14:09:30.811" starttime="20180813 14:09:30.802"></status>
</kw>
<kw name="Create Session">
<arguments>
<arg>mso</arg>
<arg>${MSO_ENDPOINT}</arg>
</arguments>
<assign>
<var>${session}=</var>
</assign>
<msg timestamp="20180813 14:09:30.819" level="FAIL">No keyword with name 'Create Session' found.</msg>
<status status="FAIL" endtime="20180813 14:09:30.820" starttime="20180813 14:09:30.819"></status>
</kw>
<status status="FAIL" endtime="20180813 14:09:30.820" starttime="20180813 14:09:30.801"></status>
</kw>
<tags>
<tag>core</tag>
<tag>health</tag>
</tags>
<timeout value="2 seconds"></timeout>
<status status="FAIL" endtime="20180813 14:09:30.820" critical="yes" starttime="20180813 14:09:30.800">No keyword with name 'Create Session' found.</status>
</test>
<test id="s1-s1-s1-s1-t22" name="Basic UseCaseUI API Health Check">
<kw name="Run MSB Get Request" library="msb_interface">
<doc>Runs MSB Get request</doc>
<arguments>
<arg>/iui/usecaseui/</arg>
</arguments>
<msg timestamp="20180813 14:09:30.822" level="TRACE">Arguments: [ ${data_path}='/iui/usecaseui/' ]</msg>
<kw name="Create Session">
<arguments>
<arg>msb</arg>
<arg>${MSB_ENDPOINT}</arg>
</arguments>
<assign>
<var>${session}=</var>
</assign>
<msg timestamp="20180813 14:09:30.838" level="FAIL">No keyword with name 'Create Session' found.</msg>
<status status="FAIL" endtime="20180813 14:09:30.838" starttime="20180813 14:09:30.838"></status>
</kw>
<status status="FAIL" endtime="20180813 14:09:30.838" starttime="20180813 14:09:30.822"></status>
</kw>
<tags>
<tag>api</tag>
<tag>health</tag>
</tags>
<timeout value="2 seconds"></timeout>
<status status="FAIL" endtime="20180813 14:09:30.838" critical="yes" starttime="20180813 14:09:30.821">No keyword with name 'Create Session' found.</status>
</test>
<test id="s1-s1-s1-s1-t23" name="Basic VFC catalog API Health Check">
<kw name="Run MSB Get Request" library="msb_interface">
<doc>Runs MSB Get request</doc>
<arguments>
<arg>/api/catalog/v1/swagger.json</arg>
</arguments>
<msg timestamp="20180813 14:09:30.840" level="TRACE">Arguments: [ ${data_path}='/api/catalog/v1/swagger.json' ]</msg>
<kw name="Create Session">
<arguments>
<arg>msb</arg>
<arg>${MSB_ENDPOINT}</arg>
</arguments>
<assign>
<var>${session}=</var>
</assign>
<msg timestamp="20180813 14:09:30.851" level="FAIL">No keyword with name 'Create Session' found.</msg>
<status status="FAIL" endtime="20180813 14:09:30.851" starttime="20180813 14:09:30.851"></status>
</kw>
<status status="FAIL" endtime="20180813 14:09:30.852" starttime="20180813 14:09:30.840"></status>
</kw>
<tags>
<tag>api</tag>
<tag>health</tag>
</tags>
<timeout value="2 seconds"></timeout>
<status status="FAIL" endtime="20180813 14:09:30.852" critical="yes" starttime="20180813 14:09:30.839">No keyword with name 'Create Session' found.</status>
</test>
<test id="s1-s1-s1-s1-t24" name="Basic VFC emsdriver API Health Check">
<kw name="Run MSB Get Request" library="msb_interface">
<doc>Runs MSB Get request</doc>
<arguments>
<arg>/api/emsdriver/v1/swagger.json</arg>
</arguments>
<msg timestamp="20180813 14:09:30.858" level="TRACE">Arguments: [ ${data_path}='/api/emsdriver/v1/swagger.json' ]</msg>
<kw name="Create Session">
<arguments>
<arg>msb</arg>
<arg>${MSB_ENDPOINT}</arg>
</arguments>
<assign>
<var>${session}=</var>
</assign>
<msg timestamp="20180813 14:09:30.879" level="FAIL">No keyword with name 'Create Session' found.</msg>
<status status="FAIL" endtime="20180813 14:09:30.879" starttime="20180813 14:09:30.879"></status>
</kw>
<status status="FAIL" endtime="20180813 14:09:30.879" starttime="20180813 14:09:30.857"></status>
</kw>
<tags>
<tag>3rdparty</tag>
<tag>health</tag>
</tags>
<timeout value="2 seconds"></timeout>
<status status="FAIL" endtime="20180813 14:09:30.880" critical="yes" starttime="20180813 14:09:30.852">No keyword with name 'Create Session' found.</status>
</test>
<test id="s1-s1-s1-s1-t25" name="Basic VFC gvnfmdriver API Health Check">
<kw name="Run MSB Get Request" library="msb_interface">
<doc>Runs MSB Get request</doc>
<arguments>
<arg>/api/gvnfmdriver/v1/swagger.json</arg>
</arguments>
<msg timestamp="20180813 14:09:30.882" level="TRACE">Arguments: [ ${data_path}='/api/gvnfmdriver/v1/swagger.json' ]</msg>
<kw name="Create Session">
<arguments>
<arg>msb</arg>
<arg>${MSB_ENDPOINT}</arg>
</arguments>
<assign>
<var>${session}=</var>
</assign>
<msg timestamp="20180813 14:09:30.892" level="FAIL">No keyword with name 'Create Session' found.</msg>
<status status="FAIL" endtime="20180813 14:09:30.892" starttime="20180813 14:09:30.892"></status>
</kw>
<status status="FAIL" endtime="20180813 14:09:30.892" starttime="20180813 14:09:30.881"></status>
</kw>
<tags>
<tag>3rdparty</tag>
<tag>health</tag>
</tags>
<timeout value="2 seconds"></timeout>
<status status="FAIL" endtime="20180813 14:09:30.893" critical="yes" starttime="20180813 14:09:30.880">No keyword with name 'Create Session' found.</status>
</test>
<test id="s1-s1-s1-s1-t26" name="Basic VFC huaweivnfmdriver API Health Check">
<kw name="Run MSB Get Request" library="msb_interface">
<doc>Runs MSB Get request</doc>
<arguments>
<arg>/api/huaweivnfmdriver/v1/swagger.json</arg>
</arguments>
<msg timestamp="20180813 14:09:30.895" level="TRACE">Arguments: [ ${data_path}='/api/huaweivnfmdriver/v1/swagger.json' ]</msg>
<kw name="Create Session">
<arguments>
<arg>msb</arg>
<arg>${MSB_ENDPOINT}</arg>
</arguments>
<assign>
<var>${session}=</var>
</assign>
<msg timestamp="20180813 14:09:30.904" level="FAIL">No keyword with name 'Create Session' found.</msg>
<status status="FAIL" endtime="20180813 14:09:30.904" starttime="20180813 14:09:30.904"></status>
</kw>
<status status="FAIL" endtime="20180813 14:09:30.904" starttime="20180813 14:09:30.895"></status>
</kw>
<tags>
<tag>3rdparty</tag>
<tag>health</tag>
</tags>
<timeout value="2 seconds"></timeout>
<status status="FAIL" endtime="20180813 14:09:30.905" critical="yes" starttime="20180813 14:09:30.893">No keyword with name 'Create Session' found.</status>
</test>
<test id="s1-s1-s1-s1-t27" name="Basic VFC jujuvnfmdriver API Health Check">
<kw name="Run MSB Get Request" library="msb_interface">
<doc>Runs MSB Get request</doc>
<arguments>
<arg>/api/jujuvnfmdriver/v1/swagger.json</arg>
</arguments>
<msg timestamp="20180813 14:09:30.907" level="TRACE">Arguments: [ ${data_path}='/api/jujuvnfmdriver/v1/swagger.json' ]</msg>
<kw name="Create Session">
<arguments>
<arg>msb</arg>
<arg>${MSB_ENDPOINT}</arg>
</arguments>
<assign>
<var>${session}=</var>
</assign>
<msg timestamp="20180813 14:09:30.919" level="FAIL">No keyword with name 'Create Session' found.</msg>
<status status="FAIL" endtime="20180813 14:09:30.919" starttime="20180813 14:09:30.918"></status>
</kw>
<status status="FAIL" endtime="20180813 14:09:30.919" starttime="20180813 14:09:30.906"></status>
</kw>
<tags>
<tag>3rdparty</tag>
<tag>health</tag>
</tags>
<timeout value="2 seconds"></timeout>
<status status="FAIL" endtime="20180813 14:09:30.920" critical="yes" starttime="20180813 14:09:30.905">No keyword with name 'Create Session' found.</status>
</test>
<test id="s1-s1-s1-s1-t28" name="Basic VFC multivimproxy API Health Check">
<kw name="Run MSB Get Request" library="msb_interface">
<doc>Runs MSB Get request</doc>
<arguments>
<arg>/api/multivimproxy/v1/swagger.json</arg>
</arguments>
<msg timestamp="20180813 14:09:30.922" level="TRACE">Arguments: [ ${data_path}='/api/multivimproxy/v1/swagger.json' ]</msg>
<kw name="Create Session">
<arguments>
<arg>msb</arg>
<arg>${MSB_ENDPOINT}</arg>
</arguments>
<assign>
<var>${session}=</var>
</assign>
<msg timestamp="20180813 14:09:30.931" level="FAIL">No keyword with name 'Create Session' found.</msg>
<status status="FAIL" endtime="20180813 14:09:30.931" starttime="20180813 14:09:30.931"></status>
</kw>
<status status="FAIL" endtime="20180813 14:09:30.932" starttime="20180813 14:09:30.921"></status>
</kw>
<tags>
<tag>3rdparty</tag>
<tag>health</tag>
</tags>
<timeout value="2 seconds"></timeout>
<status status="FAIL" endtime="20180813 14:09:30.932" critical="yes" starttime="20180813 14:09:30.920">No keyword with name 'Create Session' found.</status>
</test>
<test id="s1-s1-s1-s1-t29" name="Basic VFC nokiavnfmdriver API Health Check">
<kw name="Run MSB Get Request" library="msb_interface">
<doc>Runs MSB Get request</doc>
<arguments>
<arg>/api/nokiavnfmdriver/v1/swagger.json</arg>
</arguments>
<msg timestamp="20180813 14:09:30.934" level="TRACE">Arguments: [ ${data_path}='/api/nokiavnfmdriver/v1/swagger.json' ]</msg>
<kw name="Create Session">
<arguments>
<arg>msb</arg>
<arg>${MSB_ENDPOINT}</arg>
</arguments>
<assign>
<var>${session}=</var>
</assign>
<msg timestamp="20180813 14:09:30.944" level="FAIL">No keyword with name 'Create Session' found.</msg>
<status status="FAIL" endtime="20180813 14:09:30.944" starttime="20180813 14:09:30.943"></status>
</kw>
<status status="FAIL" endtime="20180813 14:09:30.944" starttime="20180813 14:09:30.934"></status>
</kw>
<tags>
<tag>3rdparty</tag>
<tag>health</tag>
</tags>
<timeout value="2 seconds"></timeout>
<status status="FAIL" endtime="20180813 14:09:30.945" critical="yes" starttime="20180813 14:09:30.933">No keyword with name 'Create Session' found.</status>
</test>
<test id="s1-s1-s1-s1-t30" name="Basic VFC nokiav2driver API Health Check">
<kw name="Run MSB Get Request" library="msb_interface">
<doc>Runs MSB Get request</doc>
<arguments>
<arg>/api/NokiaSVNFM/v1/swagger.json</arg>
</arguments>
<msg timestamp="20180813 14:09:30.947" level="TRACE">Arguments: [ ${data_path}='/api/NokiaSVNFM/v1/swagger.json' ]</msg>
<kw name="Create Session">
<arguments>
<arg>msb</arg>
<arg>${MSB_ENDPOINT}</arg>
</arguments>
<assign>
<var>${session}=</var>
</assign>
<msg timestamp="20180813 14:09:30.956" level="FAIL">No keyword with name 'Create Session' found.</msg>
<status status="FAIL" endtime="20180813 14:09:30.957" starttime="20180813 14:09:30.956"></status>
</kw>
<status status="FAIL" endtime="20180813 14:09:30.957" starttime="20180813 14:09:30.946"></status>
</kw>
<tags>
<tag>3rdparty</tag>
<tag>health</tag>
</tags>
<timeout value="2 seconds"></timeout>
<status status="FAIL" endtime="20180813 14:09:30.957" critical="yes" starttime="20180813 14:09:30.945">No keyword with name 'Create Session' found.</status>
</test>
<test id="s1-s1-s1-s1-t31" name="Basic VFC nslcm API Health Check">
<kw name="Run MSB Get Request" library="msb_interface">
<doc>Runs MSB Get request</doc>
<arguments>
<arg>/api/nslcm/v1/swagger.json</arg>
</arguments>
<msg timestamp="20180813 14:09:30.960" level="TRACE">Arguments: [ ${data_path}='/api/nslcm/v1/swagger.json' ]</msg>
<kw name="Create Session">
<arguments>
<arg>msb</arg>
<arg>${MSB_ENDPOINT}</arg>
</arguments>
<assign>
<var>${session}=</var>
</assign>
<msg timestamp="20180813 14:09:30.970" level="FAIL">No keyword with name 'Create Session' found.</msg>
<status status="FAIL" endtime="20180813 14:09:30.970" starttime="20180813 14:09:30.969"></status>
</kw>
<status status="FAIL" endtime="20180813 14:09:30.970" starttime="20180813 14:09:30.959"></status>
</kw>
<tags>
<tag>api</tag>
<tag>health</tag>
</tags>
<timeout value="2 seconds"></timeout>
<status status="FAIL" endtime="20180813 14:09:30.971" critical="yes" starttime="20180813 14:09:30.958">No keyword with name 'Create Session' found.</status>
</test>
<test id="s1-s1-s1-s1-t32" name="Basic VFC resmgr API Health Check">
<kw name="Run MSB Get Request" library="msb_interface">
<doc>Runs MSB Get request</doc>
<arguments>
<arg>/api/resmgr/v1/swagger.json</arg>
</arguments>
<msg timestamp="20180813 14:09:30.973" level="TRACE">Arguments: [ ${data_path}='/api/resmgr/v1/swagger.json' ]</msg>
<kw name="Create Session">
<arguments>
<arg>msb</arg>
<arg>${MSB_ENDPOINT}</arg>
</arguments>
<assign>
<var>${session}=</var>
</assign>
<msg timestamp="20180813 14:09:30.982" level="FAIL">No keyword with name 'Create Session' found.</msg>
<status status="FAIL" endtime="20180813 14:09:30.982" starttime="20180813 14:09:30.982"></status>
</kw>
<status status="FAIL" endtime="20180813 14:09:30.983" starttime="20180813 14:09:30.973"></status>
</kw>
<tags>
<tag>api</tag>
<tag>health</tag>
</tags>
<timeout value="2 seconds"></timeout>
<status status="FAIL" endtime="20180813 14:09:30.983" critical="yes" starttime="20180813 14:09:30.971">No keyword with name 'Create Session' found.</status>
</test>
<test id="s1-s1-s1-s1-t33" name="Basic VFC vnflcm API Health Check">
<kw name="Run MSB Get Request" library="msb_interface">
<doc>Runs MSB Get request</doc>
<arguments>
<arg>/api/vnflcm/v1/swagger.json</arg>
</arguments>
<msg timestamp="20180813 14:09:30.985" level="TRACE">Arguments: [ ${data_path}='/api/vnflcm/v1/swagger.json' ]</msg>
<kw name="Create Session">
<arguments>
<arg>msb</arg>
<arg>${MSB_ENDPOINT}</arg>
</arguments>
<assign>
<var>${session}=</var>
</assign>
<msg timestamp="20180813 14:09:30.995" level="FAIL">No keyword with name 'Create Session' found.</msg>
<status status="FAIL" endtime="20180813 14:09:30.997" starttime="20180813 14:09:30.994"></status>
</kw>
<status status="FAIL" endtime="20180813 14:09:30.997" starttime="20180813 14:09:30.985"></status>
</kw>
<tags>
<tag>api</tag>
<tag>health</tag>
</tags>
<timeout value="2 seconds"></timeout>
<status status="FAIL" endtime="20180813 14:09:30.998" critical="yes" starttime="20180813 14:09:30.984">No keyword with name 'Create Session' found.</status>
</test>
<test id="s1-s1-s1-s1-t34" name="Basic VFC vnfmgr API Health Check">
<kw name="Run MSB Get Request" library="msb_interface">
<doc>Runs MSB Get request</doc>
<arguments>
<arg>/api/vnfmgr/v1/swagger.json</arg>
</arguments>
<msg timestamp="20180813 14:09:31.000" level="TRACE">Arguments: [ ${data_path}='/api/vnfmgr/v1/swagger.json' ]</msg>
<kw name="Create Session">
<arguments>
<arg>msb</arg>
<arg>${MSB_ENDPOINT}</arg>
</arguments>
<assign>
<var>${session}=</var>
</assign>
<msg timestamp="20180813 14:09:31.009" level="FAIL">No keyword with name 'Create Session' found.</msg>
<status status="FAIL" endtime="20180813 14:09:31.010" starttime="20180813 14:09:31.009"></status>
</kw>
<status status="FAIL" endtime="20180813 14:09:31.010" starttime="20180813 14:09:30.999"></status>
</kw>
<tags>
<tag>api</tag>
<tag>health</tag>
</tags>
<timeout value="2 seconds"></timeout>
<status status="FAIL" endtime="20180813 14:09:31.010" critical="yes" starttime="20180813 14:09:30.998">No keyword with name 'Create Session' found.</status>
</test>
<test id="s1-s1-s1-s1-t35" name="Basic VFC vnfres API Health Check">
<kw name="Run MSB Get Request" library="msb_interface">
<doc>Runs MSB Get request</doc>
<arguments>
<arg>/api/vnfres/v1/swagger.json</arg>
</arguments>
<msg timestamp="20180813 14:09:31.013" level="TRACE">Arguments: [ ${data_path}='/api/vnfres/v1/swagger.json' ]</msg>
<kw name="Create Session">
<arguments>
<arg>msb</arg>
<arg>${MSB_ENDPOINT}</arg>
</arguments>
<assign>
<var>${session}=</var>
</assign>
<msg timestamp="20180813 14:09:31.021" level="FAIL">No keyword with name 'Create Session' found.</msg>
<status status="FAIL" endtime="20180813 14:09:31.021" starttime="20180813 14:09:31.021"></status>
</kw>
<status status="FAIL" endtime="20180813 14:09:31.022" starttime="20180813 14:09:31.012"></status>
</kw>
<tags>
<tag>api</tag>
<tag>health</tag>
</tags>
<timeout value="2 seconds"></timeout>
<status status="FAIL" endtime="20180813 14:09:31.022" critical="yes" starttime="20180813 14:09:31.011">No keyword with name 'Create Session' found.</status>
</test>
<test id="s1-s1-s1-s1-t36" name="Basic VFC workflow API Health Check">
<kw name="Run MSB Get Request" library="msb_interface">
<doc>Runs MSB Get request</doc>
<arguments>
<arg>/api/workflow/v1/swagger.json</arg>
</arguments>
<msg timestamp="20180813 14:09:31.024" level="TRACE">Arguments: [ ${data_path}='/api/workflow/v1/swagger.json' ]</msg>
<kw name="Create Session">
<arguments>
<arg>msb</arg>
<arg>${MSB_ENDPOINT}</arg>
</arguments>
<assign>
<var>${session}=</var>
</assign>
<msg timestamp="20180813 14:09:31.030" level="FAIL">No keyword with name 'Create Session' found.</msg>
<status status="FAIL" endtime="20180813 14:09:31.030" starttime="20180813 14:09:31.030"></status>
</kw>
<status status="FAIL" endtime="20180813 14:09:31.031" starttime="20180813 14:09:31.024"></status>
</kw>
<tags>
<tag>api</tag>
<tag>health</tag>
</tags>
<timeout value="2 seconds"></timeout>
<status status="FAIL" endtime="20180813 14:09:31.031" critical="yes" starttime="20180813 14:09:31.023">No keyword with name 'Create Session' found.</status>
</test>
<test id="s1-s1-s1-s1-t37" name="Basic VFC ztesdncdriver API Health Check">
<kw name="Run MSB Get Request" library="msb_interface">
<doc>Runs MSB Get request</doc>
<arguments>
<arg>/api/ztesdncdriver/v1/swagger.json</arg>
</arguments>
<msg timestamp="20180813 14:09:31.034" level="TRACE">Arguments: [ ${data_path}='/api/ztesdncdriver/v1/swagger.json' ]</msg>
<kw name="Create Session">
<arguments>
<arg>msb</arg>
<arg>${MSB_ENDPOINT}</arg>
</arguments>
<assign>
<var>${session}=</var>
</assign>
<msg timestamp="20180813 14:09:31.044" level="FAIL">No keyword with name 'Create Session' found.</msg>
<status status="FAIL" endtime="20180813 14:09:31.044" starttime="20180813 14:09:31.044"></status>
</kw>
<status status="FAIL" endtime="20180813 14:09:31.044" starttime="20180813 14:09:31.033"></status>
</kw>
<tags>
<tag>3rdparty</tag>
<tag>health</tag>
</tags>
<timeout value="2 seconds"></timeout>
<status status="FAIL" endtime="20180813 14:09:31.045" critical="yes" starttime="20180813 14:09:31.032">No keyword with name 'Create Session' found.</status>
</test>
<test id="s1-s1-s1-s1-t38" name="Basic VFC ztevnfmdriver API Health Check">
<kw name="Run MSB Get Request" library="msb_interface">
<doc>Runs MSB Get request</doc>
<arguments>
<arg>/api/ztevnfmdriver/v1/swagger.json</arg>
</arguments>
<msg timestamp="20180813 14:09:31.048" level="TRACE">Arguments: [ ${data_path}='/api/ztevnfmdriver/v1/swagger.json' ]</msg>
<kw name="Create Session">
<arguments>
<arg>msb</arg>
<arg>${MSB_ENDPOINT}</arg>
</arguments>
<assign>
<var>${session}=</var>
</assign>
<msg timestamp="20180813 14:09:31.058" level="FAIL">No keyword with name 'Create Session' found.</msg>
<status status="FAIL" endtime="20180813 14:09:31.058" starttime="20180813 14:09:31.058"></status>
</kw>
<status status="FAIL" endtime="20180813 14:09:31.059" starttime="20180813 14:09:31.047"></status>
</kw>
<tags>
<tag>3rdparty</tag>
<tag>health</tag>
</tags>
<timeout value="2 seconds"></timeout>
<status status="FAIL" endtime="20180813 14:09:31.059" critical="yes" starttime="20180813 14:09:31.045">No keyword with name 'Create Session' found.</status>
</test>
<test id="s1-s1-s1-s1-t39" name="Basic VID Health Check">
<kw name="Run VID Health Check" library="vid_interface">
<doc>Logs in to VID GUI</doc>
<msg timestamp="20180813 14:09:31.062" level="TRACE">Arguments: [  ]</msg>
<kw name="Run VID Get Request" library="vid_interface">
<doc>Runs an VID get request</doc>
<arguments>
<arg>${VID_HEALTHCHECK_PATH}</arg>
</arguments>
<assign>
<var>${resp}</var>
</assign>
<msg timestamp="20180813 14:09:31.063" level="TRACE">Arguments: [ ${data_path}='/vid/healthCheck' ]</msg>
<kw name="Create List" library="BuiltIn">
<doc>Returns a list containing given items.</doc>
<arguments>
<arg>${GLOBAL_VID_HEALTH_USERNAME}</arg>
<arg>${GLOBAL_VID_HEALTH_PASSWORD}</arg>
</arguments>
<assign>
<var>${auth}</var>
</assign>
<msg timestamp="20180813 14:09:31.064" level="TRACE">Arguments: [ b'Default' | b'AppPassword!1' ]</msg>
<msg timestamp="20180813 14:09:31.064" level="DEBUG">Test timeout 2 seconds active. 1.996 seconds left.</msg>
<msg timestamp="20180813 14:09:31.064" level="TRACE">Return: [b'Default', b'AppPassword!1']</msg>
<msg timestamp="20180813 14:09:31.065" level="INFO">${auth} = ['Default', 'AppPassword!1']</msg>
<status status="PASS" endtime="20180813 14:09:31.065" starttime="20180813 14:09:31.063"></status>
</kw>
<kw name="Log" library="BuiltIn">
<doc>Logs the given message with the given level.</doc>
<arguments>
<arg>Creating session ${VID_ENDPOINT}</arg>
</arguments>
<msg timestamp="20180813 14:09:31.066" level="TRACE">Arguments: [ 'Creating session http://192.168.61.32:8080' ]</msg>
<msg timestamp="20180813 14:09:31.066" level="DEBUG">Test timeout 2 seconds active. 1.994 seconds left.</msg>
<msg timestamp="20180813 14:09:31.066" level="INFO">Creating session http://192.168.61.32:8080</msg>
<msg timestamp="20180813 14:09:31.067" level="TRACE">Return: None</msg>
<status status="PASS" endtime="20180813 14:09:31.067" starttime="20180813 14:09:31.066"></status>
</kw>
<kw name="Create Session">
<arguments>
<arg>vid</arg>
<arg>${VID_ENDPOINT}</arg>
<arg>auth=${auth}</arg>
</arguments>
<assign>
<var>${session}=</var>
</assign>
<msg timestamp="20180813 14:09:31.086" level="FAIL">No keyword with name 'Create Session' found.</msg>
<status status="FAIL" endtime="20180813 14:09:31.087" starttime="20180813 14:09:31.086"></status>
</kw>
<status status="FAIL" endtime="20180813 14:09:31.087" starttime="20180813 14:09:31.062"></status>
</kw>
<status status="FAIL" endtime="20180813 14:09:31.087" starttime="20180813 14:09:31.061"></status>
</kw>
<tags>
<tag>core</tag>
<tag>health</tag>
</tags>
<timeout value="2 seconds"></timeout>
<status status="FAIL" endtime="20180813 14:09:31.088" critical="yes" starttime="20180813 14:09:31.060">No keyword with name 'Create Session' found.</status>
</test>
<test id="s1-s1-s1-s1-t40" name="Basic VNFSDK Health Check">
<kw name="Run VNFSDK Health Check" library="vnfsdk_interface">
<doc>Runs VNFSDK Health check</doc>
<msg timestamp="20180813 14:09:31.090" level="TRACE">Arguments: [  ]</msg>
<kw name="Run VNFSDK Get Request" library="vnfsdk_interface">
<doc>Runs VNFSDK Get request</doc>
<arguments>
<arg>${VNFSDK_HEALTH_CHECK_PATH}</arg>
</arguments>
<assign>
<var>${resp}</var>
</assign>
<msg timestamp="20180813 14:09:31.091" level="TRACE">Arguments: [ ${data_path}='/onapapi/vnfsdk-marketplace/v1/PackageResource/healthcheck' ]</msg>
<kw name="Create Session">
<arguments>
<arg>vnfsdk</arg>
<arg>${VNFSDK_ENDPOINT}</arg>
</arguments>
<assign>
<var>${session}=</var>
</assign>
<msg timestamp="20180813 14:09:31.100" level="FAIL">No keyword with name 'Create Session' found.</msg>
<status status="FAIL" endtime="20180813 14:09:31.100" starttime="20180813 14:09:31.100"></status>
</kw>
<status status="FAIL" endtime="20180813 14:09:31.101" starttime="20180813 14:09:31.090"></status>
</kw>
<status status="FAIL" endtime="20180813 14:09:31.101" starttime="20180813 14:09:31.090"></status>
</kw>
<tags>
<tag>core</tag>
<tag>health</tag>
</tags>
<timeout value="2 seconds"></timeout>
<status status="FAIL" endtime="20180813 14:09:31.101" critical="yes" starttime="20180813 14:09:31.088">No keyword with name 'Create Session' found.</status>
</test>
<doc>Testing ecomp components are available via calls.

Testing ecomp components are available via calls.</doc>
<status status="FAIL" endtime="20180813 14:09:31.103" starttime="20180813 14:09:30.232"></status>
</suite>
<status status="FAIL" endtime="20180813 14:09:31.110" starttime="20180813 14:09:30.227"></status>
</suite>
<status status="FAIL" endtime="20180813 14:09:31.117" starttime="20180813 14:09:30.224"></status>
</suite>
<status status="FAIL" endtime="20180813 14:09:31.123" starttime="20180813 14:09:30.168"></status>
</suite>
<statistics>
<total>
<stat fail="40" pass="0">Critical Tests</stat>
<stat fail="40" pass="0">All Tests</stat>
</total>
<tag>
<stat fail="9" pass="0">3rdparty</stat>
<stat fail="9" pass="0">api</stat>
<stat fail="17" pass="0">core</stat>
<stat fail="1" pass="0">dcae</stat>
<stat fail="1" pass="0">externalapi</stat>
<stat fail="40" pass="0">health</stat>
<stat fail="4" pass="0">multicloud</stat>
</tag>
<suite>
<stat fail="40" id="s1" name="OpenECOMP ETE" pass="0">OpenECOMP ETE</stat>
<stat fail="40" id="s1-s1" name="Robot" pass="0">OpenECOMP ETE.Robot</stat>
<stat fail="40" id="s1-s1-s1" name="Testsuites" pass="0">OpenECOMP ETE.Robot.Testsuites</stat>
<stat fail="40" id="s1-s1-s1-s1" name="Health-Check" pass="0">OpenECOMP ETE.Robot.Testsuites.Health-Check</stat>
</suite>
</statistics>
<errors>
<msg timestamp="20180813 14:09:30.237" level="ERROR">Error in file '/home/orhan/ApplicationManagerGrpcTest/simple-grpc-client/src/test/resources/OpenECOMP_ETE/robot/resources/dcae_interface.robot': Importing test library 'RequestsLibrary' failed: ImportError: No module named RequestsLibrary
Traceback (most recent call last):
  None
PYTHONPATH:
  /usr/lib/python2.7
  /usr/lib/python2.7/plat-x86_64-linux-gnu
  /usr/lib/python2.7/lib-tk
  /usr/lib/python2.7/lib-old
  /usr/lib/python2.7/lib-dynload
  /home/orhan/.local/lib/python2.7/site-packages
  /usr/local/lib/python2.7/dist-packages
  /usr/lib/python2.7/dist-packages</msg>
<msg timestamp="20180813 14:09:30.237" level="ERROR">Error in file '/home/orhan/ApplicationManagerGrpcTest/simple-grpc-client/src/test/resources/OpenECOMP_ETE/robot/resources/dcae_interface.robot': Importing test library 'UUID' failed: ImportError: No module named UUID
Traceback (most recent call last):
  None
PYTHONPATH:
  /usr/lib/python2.7
  /usr/lib/python2.7/plat-x86_64-linux-gnu
  /usr/lib/python2.7/lib-tk
  /usr/lib/python2.7/lib-old
  /usr/lib/python2.7/lib-dynload
  /home/orhan/.local/lib/python2.7/site-packages
  /usr/local/lib/python2.7/dist-packages
  /usr/lib/python2.7/dist-packages</msg>
<msg timestamp="20180813 14:09:30.286" level="ERROR">Error in file '/home/orhan/ApplicationManagerGrpcTest/simple-grpc-client/src/test/resources/OpenECOMP_ETE/robot/resources/sdngc_interface.robot': Importing test library 'RequestsLibrary' failed: ImportError: No module named RequestsLibrary
Traceback (most recent call last):
  None
PYTHONPATH:
  /usr/lib/python2.7
  /usr/lib/python2.7/plat-x86_64-linux-gnu
  /usr/lib/python2.7/lib-tk
  /usr/lib/python2.7/lib-old
  /usr/lib/python2.7/lib-dynload
  /home/orhan/.local/lib/python2.7/site-packages
  /usr/local/lib/python2.7/dist-packages
  /usr/lib/python2.7/dist-packages</msg>
<msg timestamp="20180813 14:09:30.286" level="ERROR">Error in file '/home/orhan/ApplicationManagerGrpcTest/simple-grpc-client/src/test/resources/OpenECOMP_ETE/robot/resources/sdngc_interface.robot': Importing test library 'UUID' failed: ImportError: No module named UUID
Traceback (most recent call last):
  None
PYTHONPATH:
  /usr/lib/python2.7
  /usr/lib/python2.7/plat-x86_64-linux-gnu
  /usr/lib/python2.7/lib-tk
  /usr/lib/python2.7/lib-old
  /usr/lib/python2.7/lib-dynload
  /home/orhan/.local/lib/python2.7/site-packages
  /usr/local/lib/python2.7/dist-packages
  /usr/lib/python2.7/dist-packages</msg>
<msg timestamp="20180813 14:09:30.287" level="ERROR">Error in file '/home/orhan/ApplicationManagerGrpcTest/simple-grpc-client/src/test/resources/OpenECOMP_ETE/robot/resources/sdngc_interface.robot': Importing test library 'ExtendedSelenium2Library' failed: ImportError: No module named ExtendedSelenium2Library
Traceback (most recent call last):
  None
PYTHONPATH:
  /usr/lib/python2.7
  /usr/lib/python2.7/plat-x86_64-linux-gnu
  /usr/lib/python2.7/lib-tk
  /usr/lib/python2.7/lib-old
  /usr/lib/python2.7/lib-dynload
  /home/orhan/.local/lib/python2.7/site-packages
  /usr/local/lib/python2.7/dist-packages
  /usr/lib/python2.7/dist-packages</msg>
<msg timestamp="20180813 14:09:30.294" level="ERROR">Error in file '/home/orhan/ApplicationManagerGrpcTest/simple-grpc-client/src/test/resources/OpenECOMP_ETE/robot/resources/sdngc_interface.robot': Importing test library 'StringTemplater' failed: ImportError: No module named StringTemplater
Traceback (most recent call last):
  None
PYTHONPATH:
  /usr/lib/python2.7
  /usr/lib/python2.7/plat-x86_64-linux-gnu
  /usr/lib/python2.7/lib-tk
  /usr/lib/python2.7/lib-old
  /usr/lib/python2.7/lib-dynload
  /home/orhan/.local/lib/python2.7/site-packages
  /usr/local/lib/python2.7/dist-packages
  /usr/lib/python2.7/dist-packages</msg>
<msg timestamp="20180813 14:09:30.297" level="ERROR">Error in file '/home/orhan/ApplicationManagerGrpcTest/simple-grpc-client/src/test/resources/OpenECOMP_ETE/robot/resources/json_templater.robot': Importing test library 'RequestsLibrary' failed: ImportError: No module named RequestsLibrary
Traceback (most recent call last):
  None
PYTHONPATH:
  /usr/lib/python2.7
  /usr/lib/python2.7/plat-x86_64-linux-gnu
  /usr/lib/python2.7/lib-tk
  /usr/lib/python2.7/lib-old
  /usr/lib/python2.7/lib-dynload
  /home/orhan/.local/lib/python2.7/site-packages
  /usr/local/lib/python2.7/dist-packages
  /usr/lib/python2.7/dist-packages</msg>
<msg timestamp="20180813 14:09:30.298" level="ERROR">Error in file '/home/orhan/ApplicationManagerGrpcTest/simple-grpc-client/src/test/resources/OpenECOMP_ETE/robot/resources/json_templater.robot': Importing test library 'StringTemplater' failed: ImportError: No module named StringTemplater
Traceback (most recent call last):
  None
PYTHONPATH:
  /usr/lib/python2.7
  /usr/lib/python2.7/plat-x86_64-linux-gnu
  /usr/lib/python2.7/lib-tk
  /usr/lib/python2.7/lib-old
  /usr/lib/python2.7/lib-dynload
  /home/orhan/.local/lib/python2.7/site-packages
  /usr/local/lib/python2.7/dist-packages
  /usr/lib/python2.7/dist-packages</msg>
<msg timestamp="20180813 14:09:30.307" level="ERROR">Error in file '/home/orhan/ApplicationManagerGrpcTest/simple-grpc-client/src/test/resources/OpenECOMP_ETE/robot/resources/browser_setup.robot': Importing test library 'OSUtils' failed: ImportError: No module named OSUtils
Traceback (most recent call last):
  None
PYTHONPATH:
  /usr/lib/python2.7
  /usr/lib/python2.7/plat-x86_64-linux-gnu
  /usr/lib/python2.7/lib-tk
  /usr/lib/python2.7/lib-old
  /usr/lib/python2.7/lib-dynload
  /home/orhan/.local/lib/python2.7/site-packages
  /usr/local/lib/python2.7/dist-packages
  /usr/lib/python2.7/dist-packages</msg>
<msg timestamp="20180813 14:09:30.308" level="ERROR">Error in file '/home/orhan/ApplicationManagerGrpcTest/simple-grpc-client/src/test/resources/OpenECOMP_ETE/robot/resources/browser_setup.robot': Importing test library 'ExtendedSelenium2Library' failed: ImportError: No module named ExtendedSelenium2Library
Traceback (most recent call last):
  None
PYTHONPATH:
  /usr/lib/python2.7
  /usr/lib/python2.7/plat-x86_64-linux-gnu
  /usr/lib/python2.7/lib-tk
  /usr/lib/python2.7/lib-old
  /usr/lib/python2.7/lib-dynload
  /home/orhan/.local/lib/python2.7/site-packages
  /usr/local/lib/python2.7/dist-packages
  /usr/lib/python2.7/dist-packages</msg>
<msg timestamp="20180813 14:09:30.314" level="ERROR">Error in file '/home/orhan/ApplicationManagerGrpcTest/simple-grpc-client/src/test/resources/OpenECOMP_ETE/robot/resources/aai/aai_interface.robot': Importing test library 'RequestsLibrary' failed: ImportError: No module named RequestsLibrary
Traceback (most recent call last):
  None
PYTHONPATH:
  /usr/lib/python2.7
  /usr/lib/python2.7/plat-x86_64-linux-gnu
  /usr/lib/python2.7/lib-tk
  /usr/lib/python2.7/lib-old
  /usr/lib/python2.7/lib-dynload
  /home/orhan/.local/lib/python2.7/site-packages
  /usr/local/lib/python2.7/dist-packages
  /usr/lib/python2.7/dist-packages</msg>
<msg timestamp="20180813 14:09:30.314" level="ERROR">Error in file '/home/orhan/ApplicationManagerGrpcTest/simple-grpc-client/src/test/resources/OpenECOMP_ETE/robot/resources/aai/aai_interface.robot': Importing test library 'UUID' failed: ImportError: No module named UUID
Traceback (most recent call last):
  None
PYTHONPATH:
  /usr/lib/python2.7
  /usr/lib/python2.7/plat-x86_64-linux-gnu
  /usr/lib/python2.7/lib-tk
  /usr/lib/python2.7/lib-old
  /usr/lib/python2.7/lib-dynload
  /home/orhan/.local/lib/python2.7/site-packages
  /usr/local/lib/python2.7/dist-packages
  /usr/lib/python2.7/dist-packages</msg>
<msg timestamp="20180813 14:09:30.314" level="ERROR">Error in file '/home/orhan/ApplicationManagerGrpcTest/simple-grpc-client/src/test/resources/OpenECOMP_ETE/robot/resources/aai/aai_interface.robot': Importing test library 'HTTPUtils' failed: ImportError: No module named HTTPUtils
Traceback (most recent call last):
  None
PYTHONPATH:
  /usr/lib/python2.7
  /usr/lib/python2.7/plat-x86_64-linux-gnu
  /usr/lib/python2.7/lib-tk
  /usr/lib/python2.7/lib-old
  /usr/lib/python2.7/lib-dynload
  /home/orhan/.local/lib/python2.7/site-packages
  /usr/local/lib/python2.7/dist-packages
  /usr/lib/python2.7/dist-packages</msg>
<msg timestamp="20180813 14:09:30.322" level="ERROR">Error in file '/home/orhan/ApplicationManagerGrpcTest/simple-grpc-client/src/test/resources/OpenECOMP_ETE/robot/resources/vid/vid_interface.robot': Importing test library 'ExtendedSelenium2Library' failed: ImportError: No module named ExtendedSelenium2Library
Traceback (most recent call last):
  None
PYTHONPATH:
  /usr/lib/python2.7
  /usr/lib/python2.7/plat-x86_64-linux-gnu
  /usr/lib/python2.7/lib-tk
  /usr/lib/python2.7/lib-old
  /usr/lib/python2.7/lib-dynload
  /home/orhan/.local/lib/python2.7/site-packages
  /usr/local/lib/python2.7/dist-packages
  /usr/lib/python2.7/dist-packages</msg>
<msg timestamp="20180813 14:09:30.324" level="ERROR">Error in file '/home/orhan/ApplicationManagerGrpcTest/simple-grpc-client/src/test/resources/OpenECOMP_ETE/robot/resources/vid/vid_interface.robot': Importing test library 'RequestsLibrary' failed: ImportError: No module named RequestsLibrary
Traceback (most recent call last):
  None
PYTHONPATH:
  /usr/lib/python2.7
  /usr/lib/python2.7/plat-x86_64-linux-gnu
  /usr/lib/python2.7/lib-tk
  /usr/lib/python2.7/lib-old
  /usr/lib/python2.7/lib-dynload
  /home/orhan/.local/lib/python2.7/site-packages
  /usr/local/lib/python2.7/dist-packages
  /usr/lib/python2.7/dist-packages</msg>
<msg timestamp="20180813 14:09:30.324" level="ERROR">Error in file '/home/orhan/ApplicationManagerGrpcTest/simple-grpc-client/src/test/resources/OpenECOMP_ETE/robot/resources/vid/vid_interface.robot': Importing test library 'UUID' failed: ImportError: No module named UUID
Traceback (most recent call last):
  None
PYTHONPATH:
  /usr/lib/python2.7
  /usr/lib/python2.7/plat-x86_64-linux-gnu
  /usr/lib/python2.7/lib-tk
  /usr/lib/python2.7/lib-old
  /usr/lib/python2.7/lib-dynload
  /home/orhan/.local/lib/python2.7/site-packages
  /usr/local/lib/python2.7/dist-packages
  /usr/lib/python2.7/dist-packages</msg>
<msg timestamp="20180813 14:09:30.331" level="ERROR">Error in file '/home/orhan/ApplicationManagerGrpcTest/simple-grpc-client/src/test/resources/OpenECOMP_ETE/robot/resources/policy_interface.robot': Importing test library 'RequestsClientCert' failed: ImportError: No module named RequestsClientCert
Traceback (most recent call last):
  None
PYTHONPATH:
  /usr/lib/python2.7
  /usr/lib/python2.7/plat-x86_64-linux-gnu
  /usr/lib/python2.7/lib-tk
  /usr/lib/python2.7/lib-old
  /usr/lib/python2.7/lib-dynload
  /home/orhan/.local/lib/python2.7/site-packages
  /usr/local/lib/python2.7/dist-packages
  /usr/lib/python2.7/dist-packages</msg>
<msg timestamp="20180813 14:09:30.332" level="ERROR">Error in file '/home/orhan/ApplicationManagerGrpcTest/simple-grpc-client/src/test/resources/OpenECOMP_ETE/robot/resources/policy_interface.robot': Importing test library 'RequestsLibrary' failed: ImportError: No module named RequestsLibrary
Traceback (most recent call last):
  None
PYTHONPATH:
  /usr/lib/python2.7
  /usr/lib/python2.7/plat-x86_64-linux-gnu
  /usr/lib/python2.7/lib-tk
  /usr/lib/python2.7/lib-old
  /usr/lib/python2.7/lib-dynload
  /home/orhan/.local/lib/python2.7/site-packages
  /usr/local/lib/python2.7/dist-packages
  /usr/lib/python2.7/dist-packages</msg>
<msg timestamp="20180813 14:09:30.333" level="ERROR">Error in file '/home/orhan/ApplicationManagerGrpcTest/simple-grpc-client/src/test/resources/OpenECOMP_ETE/robot/resources/policy_interface.robot': Importing test library 'JSONUtils' failed: ImportError: No module named JSONUtils
Traceback (most recent call last):
  None
PYTHONPATH:
  /usr/lib/python2.7
  /usr/lib/python2.7/plat-x86_64-linux-gnu
  /usr/lib/python2.7/lib-tk
  /usr/lib/python2.7/lib-old
  /usr/lib/python2.7/lib-dynload
  /home/orhan/.local/lib/python2.7/site-packages
  /usr/local/lib/python2.7/dist-packages
  /usr/lib/python2.7/dist-packages</msg>
<msg timestamp="20180813 14:09:30.340" level="ERROR">Error in file '/home/orhan/ApplicationManagerGrpcTest/simple-grpc-client/src/test/resources/OpenECOMP_ETE/robot/resources/mso_interface.robot': Importing test library 'RequestsLibrary' failed: ImportError: No module named RequestsLibrary
Traceback (most recent call last):
  None
PYTHONPATH:
  /usr/lib/python2.7
  /usr/lib/python2.7/plat-x86_64-linux-gnu
  /usr/lib/python2.7/lib-tk
  /usr/lib/python2.7/lib-old
  /usr/lib/python2.7/lib-dynload
  /home/orhan/.local/lib/python2.7/site-packages
  /usr/local/lib/python2.7/dist-packages
  /usr/lib/python2.7/dist-packages</msg>
<msg timestamp="20180813 14:09:30.341" level="ERROR">Error in file '/home/orhan/ApplicationManagerGrpcTest/simple-grpc-client/src/test/resources/OpenECOMP_ETE/robot/resources/mso_interface.robot': Importing test library 'UUID' failed: ImportError: No module named UUID
Traceback (most recent call last):
  None
PYTHONPATH:
  /usr/lib/python2.7
  /usr/lib/python2.7/plat-x86_64-linux-gnu
  /usr/lib/python2.7/lib-tk
  /usr/lib/python2.7/lib-old
  /usr/lib/python2.7/lib-dynload
  /home/orhan/.local/lib/python2.7/site-packages
  /usr/local/lib/python2.7/dist-packages
  /usr/lib/python2.7/dist-packages</msg>
<msg timestamp="20180813 14:09:30.381" level="ERROR">Error in file '/home/orhan/ApplicationManagerGrpcTest/simple-grpc-client/src/test/resources/OpenECOMP_ETE/robot/resources/asdc_interface.robot': Importing test library 'RequestsLibrary' failed: ImportError: No module named RequestsLibrary
Traceback (most recent call last):
  None
PYTHONPATH:
  /usr/lib/python2.7
  /usr/lib/python2.7/plat-x86_64-linux-gnu
  /usr/lib/python2.7/lib-tk
  /usr/lib/python2.7/lib-old
  /usr/lib/python2.7/lib-dynload
  /home/orhan/.local/lib/python2.7/site-packages
  /usr/local/lib/python2.7/dist-packages
  /usr/lib/python2.7/dist-packages</msg>
<msg timestamp="20180813 14:09:30.381" level="ERROR">Error in file '/home/orhan/ApplicationManagerGrpcTest/simple-grpc-client/src/test/resources/OpenECOMP_ETE/robot/resources/asdc_interface.robot': Importing test library 'UUID' failed: ImportError: No module named UUID
Traceback (most recent call last):
  None
PYTHONPATH:
  /usr/lib/python2.7
  /usr/lib/python2.7/plat-x86_64-linux-gnu
  /usr/lib/python2.7/lib-tk
  /usr/lib/python2.7/lib-old
  /usr/lib/python2.7/lib-dynload
  /home/orhan/.local/lib/python2.7/site-packages
  /usr/local/lib/python2.7/dist-packages
  /usr/lib/python2.7/dist-packages</msg>
<msg timestamp="20180813 14:09:30.381" level="ERROR">Error in file '/home/orhan/ApplicationManagerGrpcTest/simple-grpc-client/src/test/resources/OpenECOMP_ETE/robot/resources/asdc_interface.robot': Importing test library 'JSONUtils' failed: ImportError: No module named JSONUtils
Traceback (most recent call last):
  None
PYTHONPATH:
  /usr/lib/python2.7
  /usr/lib/python2.7/plat-x86_64-linux-gnu
  /usr/lib/python2.7/lib-tk
  /usr/lib/python2.7/lib-old
  /usr/lib/python2.7/lib-dynload
  /home/orhan/.local/lib/python2.7/site-packages
  /usr/local/lib/python2.7/dist-packages
  /usr/lib/python2.7/dist-packages</msg>
<msg timestamp="20180813 14:09:30.382" level="ERROR">Error in file '/home/orhan/ApplicationManagerGrpcTest/simple-grpc-client/src/test/resources/OpenECOMP_ETE/robot/resources/asdc_interface.robot': Importing test library 'ExtendedSelenium2Library' failed: ImportError: No module named ExtendedSelenium2Library
Traceback (most recent call last):
  None
PYTHONPATH:
  /usr/lib/python2.7
  /usr/lib/python2.7/plat-x86_64-linux-gnu
  /usr/lib/python2.7/lib-tk
  /usr/lib/python2.7/lib-old
  /usr/lib/python2.7/lib-dynload
  /home/orhan/.local/lib/python2.7/site-packages
  /usr/local/lib/python2.7/dist-packages
  /usr/lib/python2.7/dist-packages</msg>
<msg timestamp="20180813 14:09:30.386" level="ERROR">Error in file '/home/orhan/ApplicationManagerGrpcTest/simple-grpc-client/src/test/resources/OpenECOMP_ETE/robot/resources/appc_interface.robot': Importing test library 'RequestsLibrary' failed: ImportError: No module named RequestsLibrary
Traceback (most recent call last):
  None
PYTHONPATH:
  /usr/lib/python2.7
  /usr/lib/python2.7/plat-x86_64-linux-gnu
  /usr/lib/python2.7/lib-tk
  /usr/lib/python2.7/lib-old
  /usr/lib/python2.7/lib-dynload
  /home/orhan/.local/lib/python2.7/site-packages
  /usr/local/lib/python2.7/dist-packages
  /usr/lib/python2.7/dist-packages</msg>
<msg timestamp="20180813 14:09:30.386" level="ERROR">Error in file '/home/orhan/ApplicationManagerGrpcTest/simple-grpc-client/src/test/resources/OpenECOMP_ETE/robot/resources/appc_interface.robot': Importing test library 'UUID' failed: ImportError: No module named UUID
Traceback (most recent call last):
  None
PYTHONPATH:
  /usr/lib/python2.7
  /usr/lib/python2.7/plat-x86_64-linux-gnu
  /usr/lib/python2.7/lib-tk
  /usr/lib/python2.7/lib-old
  /usr/lib/python2.7/lib-dynload
  /home/orhan/.local/lib/python2.7/site-packages
  /usr/local/lib/python2.7/dist-packages
  /usr/lib/python2.7/dist-packages</msg>
<msg timestamp="20180813 14:09:30.387" level="ERROR">Error in file '/home/orhan/ApplicationManagerGrpcTest/simple-grpc-client/src/test/resources/OpenECOMP_ETE/robot/resources/appc_interface.robot': Importing test library 'StringTemplater' failed: ImportError: No module named StringTemplater
Traceback (most recent call last):
  None
PYTHONPATH:
  /usr/lib/python2.7
  /usr/lib/python2.7/plat-x86_64-linux-gnu
  /usr/lib/python2.7/lib-tk
  /usr/lib/python2.7/lib-old
  /usr/lib/python2.7/lib-dynload
  /home/orhan/.local/lib/python2.7/site-packages
  /usr/local/lib/python2.7/dist-packages
  /usr/lib/python2.7/dist-packages</msg>
<msg timestamp="20180813 14:09:30.394" level="ERROR">Error in file '/home/orhan/ApplicationManagerGrpcTest/simple-grpc-client/src/test/resources/OpenECOMP_ETE/robot/resources/portal_interface.robot': Importing test library 'RequestsClientCert' failed: ImportError: No module named RequestsClientCert
Traceback (most recent call last):
  None
PYTHONPATH:
  /usr/lib/python2.7
  /usr/lib/python2.7/plat-x86_64-linux-gnu
  /usr/lib/python2.7/lib-tk
  /usr/lib/python2.7/lib-old
  /usr/lib/python2.7/lib-dynload
  /home/orhan/.local/lib/python2.7/site-packages
  /usr/local/lib/python2.7/dist-packages
  /usr/lib/python2.7/dist-packages</msg>
<msg timestamp="20180813 14:09:30.395" level="ERROR">Error in file '/home/orhan/ApplicationManagerGrpcTest/simple-grpc-client/src/test/resources/OpenECOMP_ETE/robot/resources/portal_interface.robot': Importing test library 'RequestsLibrary' failed: ImportError: No module named RequestsLibrary
Traceback (most recent call last):
  None
PYTHONPATH:
  /usr/lib/python2.7
  /usr/lib/python2.7/plat-x86_64-linux-gnu
  /usr/lib/python2.7/lib-tk
  /usr/lib/python2.7/lib-old
  /usr/lib/python2.7/lib-dynload
  /home/orhan/.local/lib/python2.7/site-packages
  /usr/local/lib/python2.7/dist-packages
  /usr/lib/python2.7/dist-packages</msg>
<msg timestamp="20180813 14:09:30.395" level="ERROR">Error in file '/home/orhan/ApplicationManagerGrpcTest/simple-grpc-client/src/test/resources/OpenECOMP_ETE/robot/resources/portal_interface.robot': Importing test library 'UUID' failed: ImportError: No module named UUID
Traceback (most recent call last):
  None
PYTHONPATH:
  /usr/lib/python2.7
  /usr/lib/python2.7/plat-x86_64-linux-gnu
  /usr/lib/python2.7/lib-tk
  /usr/lib/python2.7/lib-old
  /usr/lib/python2.7/lib-dynload
  /home/orhan/.local/lib/python2.7/site-packages
  /usr/local/lib/python2.7/dist-packages
  /usr/lib/python2.7/dist-packages</msg>
<msg timestamp="20180813 14:09:30.396" level="ERROR">Error in file '/home/orhan/ApplicationManagerGrpcTest/simple-grpc-client/src/test/resources/OpenECOMP_ETE/robot/resources/portal_interface.robot': Importing test library 'ExtendedSelenium2Library' failed: ImportError: No module named ExtendedSelenium2Library
Traceback (most recent call last):
  None
PYTHONPATH:
  /usr/lib/python2.7
  /usr/lib/python2.7/plat-x86_64-linux-gnu
  /usr/lib/python2.7/lib-tk
  /usr/lib/python2.7/lib-old
  /usr/lib/python2.7/lib-dynload
  /home/orhan/.local/lib/python2.7/site-packages
  /usr/local/lib/python2.7/dist-packages
  /usr/lib/python2.7/dist-packages</msg>
<msg timestamp="20180813 14:09:30.399" level="ERROR">Error in file '/home/orhan/ApplicationManagerGrpcTest/simple-grpc-client/src/test/resources/OpenECOMP_ETE/robot/resources/mr_interface.robot': Importing test library 'RequestsClientCert' failed: ImportError: No module named RequestsClientCert
Traceback (most recent call last):
  None
PYTHONPATH:
  /usr/lib/python2.7
  /usr/lib/python2.7/plat-x86_64-linux-gnu
  /usr/lib/python2.7/lib-tk
  /usr/lib/python2.7/lib-old
  /usr/lib/python2.7/lib-dynload
  /home/orhan/.local/lib/python2.7/site-packages
  /usr/local/lib/python2.7/dist-packages
  /usr/lib/python2.7/dist-packages</msg>
<msg timestamp="20180813 14:09:30.399" level="ERROR">Error in file '/home/orhan/ApplicationManagerGrpcTest/simple-grpc-client/src/test/resources/OpenECOMP_ETE/robot/resources/mr_interface.robot': Importing test library 'RequestsLibrary' failed: ImportError: No module named RequestsLibrary
Traceback (most recent call last):
  None
PYTHONPATH:
  /usr/lib/python2.7
  /usr/lib/python2.7/plat-x86_64-linux-gnu
  /usr/lib/python2.7/lib-tk
  /usr/lib/python2.7/lib-old
  /usr/lib/python2.7/lib-dynload
  /home/orhan/.local/lib/python2.7/site-packages
  /usr/local/lib/python2.7/dist-packages
  /usr/lib/python2.7/dist-packages</msg>
<msg timestamp="20180813 14:09:30.400" level="ERROR">Error in file '/home/orhan/ApplicationManagerGrpcTest/simple-grpc-client/src/test/resources/OpenECOMP_ETE/robot/resources/mr_interface.robot': Importing test library 'UUID' failed: ImportError: No module named UUID
Traceback (most recent call last):
  None
PYTHONPATH:
  /usr/lib/python2.7
  /usr/lib/python2.7/plat-x86_64-linux-gnu
  /usr/lib/python2.7/lib-tk
  /usr/lib/python2.7/lib-old
  /usr/lib/python2.7/lib-dynload
  /home/orhan/.local/lib/python2.7/site-packages
  /usr/local/lib/python2.7/dist-packages
  /usr/lib/python2.7/dist-packages</msg>
<msg timestamp="20180813 14:09:30.402" level="ERROR">Error in file '/home/orhan/ApplicationManagerGrpcTest/simple-grpc-client/src/test/resources/OpenECOMP_ETE/robot/resources/aaf_interface.robot': Importing test library 'RequestsClientCert' failed: ImportError: No module named RequestsClientCert
Traceback (most recent call last):
  None
PYTHONPATH:
  /usr/lib/python2.7
  /usr/lib/python2.7/plat-x86_64-linux-gnu
  /usr/lib/python2.7/lib-tk
  /usr/lib/python2.7/lib-old
  /usr/lib/python2.7/lib-dynload
  /home/orhan/.local/lib/python2.7/site-packages
  /usr/local/lib/python2.7/dist-packages
  /usr/lib/python2.7/dist-packages</msg>
<msg timestamp="20180813 14:09:30.402" level="ERROR">Error in file '/home/orhan/ApplicationManagerGrpcTest/simple-grpc-client/src/test/resources/OpenECOMP_ETE/robot/resources/aaf_interface.robot': Importing test library 'RequestsLibrary' failed: ImportError: No module named RequestsLibrary
Traceback (most recent call last):
  None
PYTHONPATH:
  /usr/lib/python2.7
  /usr/lib/python2.7/plat-x86_64-linux-gnu
  /usr/lib/python2.7/lib-tk
  /usr/lib/python2.7/lib-old
  /usr/lib/python2.7/lib-dynload
  /home/orhan/.local/lib/python2.7/site-packages
  /usr/local/lib/python2.7/dist-packages
  /usr/lib/python2.7/dist-packages</msg>
<msg timestamp="20180813 14:09:30.402" level="ERROR">Error in file '/home/orhan/ApplicationManagerGrpcTest/simple-grpc-client/src/test/resources/OpenECOMP_ETE/robot/resources/aaf_interface.robot': Importing test library 'UUID' failed: ImportError: No module named UUID
Traceback (most recent call last):
  None
PYTHONPATH:
  /usr/lib/python2.7
  /usr/lib/python2.7/plat-x86_64-linux-gnu
  /usr/lib/python2.7/lib-tk
  /usr/lib/python2.7/lib-old
  /usr/lib/python2.7/lib-dynload
  /home/orhan/.local/lib/python2.7/site-packages
  /usr/local/lib/python2.7/dist-packages
  /usr/lib/python2.7/dist-packages</msg>
<msg timestamp="20180813 14:09:30.404" level="ERROR">Error in file '/home/orhan/ApplicationManagerGrpcTest/simple-grpc-client/src/test/resources/OpenECOMP_ETE/robot/resources/msb_interface.robot': Importing test library 'RequestsLibrary' failed: ImportError: No module named RequestsLibrary
Traceback (most recent call last):
  None
PYTHONPATH:
  /usr/lib/python2.7
  /usr/lib/python2.7/plat-x86_64-linux-gnu
  /usr/lib/python2.7/lib-tk
  /usr/lib/python2.7/lib-old
  /usr/lib/python2.7/lib-dynload
  /home/orhan/.local/lib/python2.7/site-packages
  /usr/local/lib/python2.7/dist-packages
  /usr/lib/python2.7/dist-packages</msg>
<msg timestamp="20180813 14:09:30.406" level="ERROR">Error in file '/home/orhan/ApplicationManagerGrpcTest/simple-grpc-client/src/test/resources/OpenECOMP_ETE/robot/resources/clamp_interface.robot': Importing test library 'RequestsLibrary' failed: ImportError: No module named RequestsLibrary
Traceback (most recent call last):
  None
PYTHONPATH:
  /usr/lib/python2.7
  /usr/lib/python2.7/plat-x86_64-linux-gnu
  /usr/lib/python2.7/lib-tk
  /usr/lib/python2.7/lib-old
  /usr/lib/python2.7/lib-dynload
  /home/orhan/.local/lib/python2.7/site-packages
  /usr/local/lib/python2.7/dist-packages
  /usr/lib/python2.7/dist-packages</msg>
<msg timestamp="20180813 14:09:30.408" level="ERROR">Error in file '/home/orhan/ApplicationManagerGrpcTest/simple-grpc-client/src/test/resources/OpenECOMP_ETE/robot/resources/music/music_interface.robot': Importing test library 'RequestsClientCert' failed: ImportError: No module named RequestsClientCert
Traceback (most recent call last):
  None
PYTHONPATH:
  /usr/lib/python2.7
  /usr/lib/python2.7/plat-x86_64-linux-gnu
  /usr/lib/python2.7/lib-tk
  /usr/lib/python2.7/lib-old
  /usr/lib/python2.7/lib-dynload
  /home/orhan/.local/lib/python2.7/site-packages
  /usr/local/lib/python2.7/dist-packages
  /usr/lib/python2.7/dist-packages</msg>
<msg timestamp="20180813 14:09:30.409" level="ERROR">Error in file '/home/orhan/ApplicationManagerGrpcTest/simple-grpc-client/src/test/resources/OpenECOMP_ETE/robot/resources/music/music_interface.robot': Importing test library 'RequestsLibrary' failed: ImportError: No module named RequestsLibrary
Traceback (most recent call last):
  None
PYTHONPATH:
  /usr/lib/python2.7
  /usr/lib/python2.7/plat-x86_64-linux-gnu
  /usr/lib/python2.7/lib-tk
  /usr/lib/python2.7/lib-old
  /usr/lib/python2.7/lib-dynload
  /home/orhan/.local/lib/python2.7/site-packages
  /usr/local/lib/python2.7/dist-packages
  /usr/lib/python2.7/dist-packages</msg>
<msg timestamp="20180813 14:09:30.409" level="ERROR">Error in file '/home/orhan/ApplicationManagerGrpcTest/simple-grpc-client/src/test/resources/OpenECOMP_ETE/robot/resources/music/music_interface.robot': Importing test library 'UUID' failed: ImportError: No module named UUID
Traceback (most recent call last):
  None
PYTHONPATH:
  /usr/lib/python2.7
  /usr/lib/python2.7/plat-x86_64-linux-gnu
  /usr/lib/python2.7/lib-tk
  /usr/lib/python2.7/lib-old
  /usr/lib/python2.7/lib-dynload
  /home/orhan/.local/lib/python2.7/site-packages
  /usr/local/lib/python2.7/dist-packages
  /usr/lib/python2.7/dist-packages</msg>
<msg timestamp="20180813 14:09:30.413" level="ERROR">Error in file '/home/orhan/ApplicationManagerGrpcTest/simple-grpc-client/src/test/resources/OpenECOMP_ETE/robot/resources/test_templates/model_test_template.robot': Importing test library 'ArchiveLibrary' failed: ImportError: No module named ArchiveLibrary
Traceback (most recent call last):
  None
PYTHONPATH:
  /usr/lib/python2.7
  /usr/lib/python2.7/plat-x86_64-linux-gnu
  /usr/lib/python2.7/lib-tk
  /usr/lib/python2.7/lib-old
  /usr/lib/python2.7/lib-dynload
  /home/orhan/.local/lib/python2.7/site-packages
  /usr/local/lib/python2.7/dist-packages
  /usr/lib/python2.7/dist-packages</msg>
<msg timestamp="20180813 14:09:30.420" level="ERROR">Error in file '/home/orhan/ApplicationManagerGrpcTest/simple-grpc-client/src/test/resources/OpenECOMP_ETE/robot/resources/nbi_interface.robot': Importing test library 'RequestsLibrary' failed: ImportError: No module named RequestsLibrary
Traceback (most recent call last):
  None
PYTHONPATH:
  /usr/lib/python2.7
  /usr/lib/python2.7/plat-x86_64-linux-gnu
  /usr/lib/python2.7/lib-tk
  /usr/lib/python2.7/lib-old
  /usr/lib/python2.7/lib-dynload
  /home/orhan/.local/lib/python2.7/site-packages
  /usr/local/lib/python2.7/dist-packages
  /usr/lib/python2.7/dist-packages</msg>
<msg timestamp="20180813 14:09:30.422" level="ERROR">Error in file '/home/orhan/ApplicationManagerGrpcTest/simple-grpc-client/src/test/resources/OpenECOMP_ETE/robot/resources/cli_interface.robot': Importing test library 'RequestsClientCert' failed: ImportError: No module named RequestsClientCert
Traceback (most recent call last):
  None
PYTHONPATH:
  /usr/lib/python2.7
  /usr/lib/python2.7/plat-x86_64-linux-gnu
  /usr/lib/python2.7/lib-tk
  /usr/lib/python2.7/lib-old
  /usr/lib/python2.7/lib-dynload
  /home/orhan/.local/lib/python2.7/site-packages
  /usr/local/lib/python2.7/dist-packages
  /usr/lib/python2.7/dist-packages</msg>
<msg timestamp="20180813 14:09:30.423" level="ERROR">Error in file '/home/orhan/ApplicationManagerGrpcTest/simple-grpc-client/src/test/resources/OpenECOMP_ETE/robot/resources/cli_interface.robot': Importing test library 'RequestsLibrary' failed: ImportError: No module named RequestsLibrary
Traceback (most recent call last):
  None
PYTHONPATH:
  /usr/lib/python2.7
  /usr/lib/python2.7/plat-x86_64-linux-gnu
  /usr/lib/python2.7/lib-tk
  /usr/lib/python2.7/lib-old
  /usr/lib/python2.7/lib-dynload
  /home/orhan/.local/lib/python2.7/site-packages
  /usr/local/lib/python2.7/dist-packages
  /usr/lib/python2.7/dist-packages</msg>
<msg timestamp="20180813 14:09:30.425" level="ERROR">Error in file '/home/orhan/ApplicationManagerGrpcTest/simple-grpc-client/src/test/resources/OpenECOMP_ETE/robot/resources/vnfsdk_interface.robot': Importing test library 'RequestsClientCert' failed: ImportError: No module named RequestsClientCert
Traceback (most recent call last):
  None
PYTHONPATH:
  /usr/lib/python2.7
  /usr/lib/python2.7/plat-x86_64-linux-gnu
  /usr/lib/python2.7/lib-tk
  /usr/lib/python2.7/lib-old
  /usr/lib/python2.7/lib-dynload
  /home/orhan/.local/lib/python2.7/site-packages
  /usr/local/lib/python2.7/dist-packages
  /usr/lib/python2.7/dist-packages</msg>
<msg timestamp="20180813 14:09:30.426" level="ERROR">Error in file '/home/orhan/ApplicationManagerGrpcTest/simple-grpc-client/src/test/resources/OpenECOMP_ETE/robot/resources/vnfsdk_interface.robot': Importing test library 'RequestsLibrary' failed: ImportError: No module named RequestsLibrary
Traceback (most recent call last):
  None
PYTHONPATH:
  /usr/lib/python2.7
  /usr/lib/python2.7/plat-x86_64-linux-gnu
  /usr/lib/python2.7/lib-tk
  /usr/lib/python2.7/lib-old
  /usr/lib/python2.7/lib-dynload
  /home/orhan/.local/lib/python2.7/site-packages
  /usr/local/lib/python2.7/dist-packages
  /usr/lib/python2.7/dist-packages</msg>
<msg timestamp="20180813 14:09:30.432" level="ERROR">Error in file '/home/orhan/ApplicationManagerGrpcTest/simple-grpc-client/src/test/resources/OpenECOMP_ETE/robot/resources/log_interface.robot': Importing test library 'RequestsLibrary' failed: ImportError: No module named RequestsLibrary
Traceback (most recent call last):
  None
PYTHONPATH:
  /usr/lib/python2.7
  /usr/lib/python2.7/plat-x86_64-linux-gnu
  /usr/lib/python2.7/lib-tk
  /usr/lib/python2.7/lib-old
  /usr/lib/python2.7/lib-dynload
  /home/orhan/.local/lib/python2.7/site-packages
  /usr/local/lib/python2.7/dist-packages
  /usr/lib/python2.7/dist-packages</msg>
<msg timestamp="20180813 14:09:30.437" level="ERROR">Error in file '/home/orhan/ApplicationManagerGrpcTest/simple-grpc-client/src/test/resources/OpenECOMP_ETE/robot/resources/oof_interface.robot': Importing test library 'RequestsLibrary' failed: ImportError: No module named RequestsLibrary
Traceback (most recent call last):
  None
PYTHONPATH:
  /usr/lib/python2.7
  /usr/lib/python2.7/plat-x86_64-linux-gnu
  /usr/lib/python2.7/lib-tk
  /usr/lib/python2.7/lib-old
  /usr/lib/python2.7/lib-dynload
  /home/orhan/.local/lib/python2.7/site-packages
  /usr/local/lib/python2.7/dist-packages
  /usr/lib/python2.7/dist-packages</msg>
<msg timestamp="20180813 14:09:30.441" level="ERROR">Error in file '/home/orhan/ApplicationManagerGrpcTest/simple-grpc-client/src/test/resources/OpenECOMP_ETE/robot/resources/sms_interface.robot': Importing test library 'RequestsClientCert' failed: ImportError: No module named RequestsClientCert
Traceback (most recent call last):
  None
PYTHONPATH:
  /usr/lib/python2.7
  /usr/lib/python2.7/plat-x86_64-linux-gnu
  /usr/lib/python2.7/lib-tk
  /usr/lib/python2.7/lib-old
  /usr/lib/python2.7/lib-dynload
  /home/orhan/.local/lib/python2.7/site-packages
  /usr/local/lib/python2.7/dist-packages
  /usr/lib/python2.7/dist-packages</msg>
<msg timestamp="20180813 14:09:30.441" level="ERROR">Error in file '/home/orhan/ApplicationManagerGrpcTest/simple-grpc-client/src/test/resources/OpenECOMP_ETE/robot/resources/sms_interface.robot': Importing test library 'RequestsLibrary' failed: ImportError: No module named RequestsLibrary
Traceback (most recent call last):
  None
PYTHONPATH:
  /usr/lib/python2.7
  /usr/lib/python2.7/plat-x86_64-linux-gnu
  /usr/lib/python2.7/lib-tk
  /usr/lib/python2.7/lib-old
  /usr/lib/python2.7/lib-dynload
  /home/orhan/.local/lib/python2.7/site-packages
  /usr/local/lib/python2.7/dist-packages
  /usr/lib/python2.7/dist-packages</msg>
<msg timestamp="20180813 14:09:30.441" level="ERROR">Error in file '/home/orhan/ApplicationManagerGrpcTest/simple-grpc-client/src/test/resources/OpenECOMP_ETE/robot/resources/sms_interface.robot': Importing test library 'UUID' failed: ImportError: No module named UUID
Traceback (most recent call last):
  None
PYTHONPATH:
  /usr/lib/python2.7
  /usr/lib/python2.7/plat-x86_64-linux-gnu
  /usr/lib/python2.7/lib-tk
  /usr/lib/python2.7/lib-old
  /usr/lib/python2.7/lib-dynload
  /home/orhan/.local/lib/python2.7/site-packages
  /usr/local/lib/python2.7/dist-packages
  /usr/lib/python2.7/dist-packages</msg>
<msg timestamp="20180813 14:09:30.450" level="ERROR">Error in file '/home/orhan/ApplicationManagerGrpcTest/simple-grpc-client/src/test/resources/OpenECOMP_ETE/robot/resources/log_interface.robot': Setting variable '${LOG_ELASTICSEARCH_ENDPOINT}' failed: Variable '${GLOBAL_INJECTED_LOG_ELASTICSEARCH_IP_ADDR}' not found.</msg>
<msg timestamp="20180813 14:09:30.459" level="ERROR">Error in file '/home/orhan/ApplicationManagerGrpcTest/simple-grpc-client/src/test/resources/OpenECOMP_ETE/robot/resources/log_interface.robot': Setting variable '${LOG_KIBANA_ENDPOINT}' failed: Variable '${GLOBAL_INJECTED_LOG_KIBANA_IP_ADDR}' not found.</msg>
<msg timestamp="20180813 14:09:30.466" level="ERROR">Error in file '/home/orhan/ApplicationManagerGrpcTest/simple-grpc-client/src/test/resources/OpenECOMP_ETE/robot/resources/log_interface.robot': Setting variable '${LOG_LOGSTASH_ENDPOINT}' failed: Variable '${GLOBAL_INJECTED_LOG_LOGSTASH_IP_ADDR}' not found.</msg>
</errors>
</robot>
